<?xml version="1.0" encoding="UTF-8"?>
<testsuites>
  <testsuite name="api" timestamp="2024-03-11T13:58:37Z" hostname="64e026022699" tests="1" skipped="0" failures="0" errors="0" time="4.034">
    <testcase time="4.034" classname="api" name="API_greets_the_person"/>
  </testsuite>
  <testsuite name="hello" timestamp="2024-03-11T13:58:41Z" hostname="64e026022699" tests="1" skipped="0" failures="0" errors="0" time="0.081">
    <testcase time="0.0809999999999995" classname="hello" name="hello_greets_the_entity"/>
  </testsuite>
  <testsuite name="shiny" timestamp="2024-03-11T13:58:41Z" hostname="64e026022699" tests="1" skipped="0" failures="0" errors="0" time="2.68">
    <testcase time="2.68" classname="shiny" name="The_Shiny_App_returns_a_proper_greeting"/>
  </testsuite>
</testsuites>
