<?xml version="1.0" encoding="UTF-8"?>
<testsuites>
  <testsuite name="api" timestamp="2024-08-14T15:26:28Z" hostname="6da66b4a1665" tests="1" skipped="0" failures="0" errors="0" time="3.977">
    <testcase time="3.977" classname="api" name="API_greets_the_person"/>
  </testsuite>
  <testsuite name="hello" timestamp="2024-08-14T15:26:32Z" hostname="6da66b4a1665" tests="1" skipped="0" failures="0" errors="0" time="0.079">
    <testcase time="0.0789999999999997" classname="hello" name="hello_greets_the_entity"/>
  </testsuite>
  <testsuite name="shiny" timestamp="2024-08-14T15:26:32Z" hostname="6da66b4a1665" tests="1" skipped="0" failures="0" errors="0" time="2.385">
    <testcase time="2.385" classname="shiny" name="The_Shiny_App_returns_a_proper_greeting"/>
  </testsuite>
</testsuites>
