<?xml version="1.0" encoding="UTF-8"?>
<testsuites>
  <testsuite name="api" timestamp="2023-01-31T16:25:04Z" hostname="b6a27ba750c0" tests="1" skipped="0" failures="0" errors="0" time="4.045">
    <testcase time="4.045" classname="api" name="API_greets_the_person"/>
  </testsuite>
  <testsuite name="hello" timestamp="2023-01-31T16:25:08Z" hostname="b6a27ba750c0" tests="1" skipped="0" failures="0" errors="0" time="0.089">
    <testcase time="0.0890000000000004" classname="hello" name="hello_greets_the_entity"/>
  </testsuite>
  <testsuite name="shiny" timestamp="2023-01-31T16:25:08Z" hostname="b6a27ba750c0" tests="1" skipped="0" failures="0" errors="0" time="3.51">
    <testcase time="3.51" classname="shiny" name="The_Shiny_App_returns_a_proper_greeting"/>
  </testsuite>
</testsuites>
