<?xml version="1.0" encoding="UTF-8"?>
<testsuites>
  <testsuite name="api" timestamp="2023-02-01T14:29:57Z" hostname="6253c98b7be0" tests="1" skipped="0" failures="0" errors="0" time="4.237">
    <testcase time="4.237" classname="api" name="API_greets_the_person"/>
  </testsuite>
  <testsuite name="hello" timestamp="2023-02-01T14:30:02Z" hostname="6253c98b7be0" tests="1" skipped="0" failures="0" errors="0" time="0.116">
    <testcase time="0.116" classname="hello" name="hello_greets_the_entity"/>
  </testsuite>
  <testsuite name="shiny" timestamp="2023-02-01T14:30:02Z" hostname="6253c98b7be0" tests="1" skipped="0" failures="0" errors="0" time="3.963">
    <testcase time="3.963" classname="shiny" name="The_Shiny_App_returns_a_proper_greeting"/>
  </testsuite>
</testsuites>
