<?xml version="1.0" encoding="UTF-8"?>
<testsuites>
  <testsuite name="api" timestamp="2023-01-31T10:04:16Z" hostname="9c480502fcb8" tests="1" skipped="0" failures="0" errors="0" time="4.073">
    <testcase time="4.073" classname="api" name="API_greets_the_person"/>
  </testsuite>
  <testsuite name="hello" timestamp="2023-01-31T10:04:20Z" hostname="9c480502fcb8" tests="1" skipped="0" failures="0" errors="0" time="0.097">
    <testcase time="0.0969999999999995" classname="hello" name="hello_greets_the_entity"/>
  </testsuite>
  <testsuite name="shiny" timestamp="2023-01-31T10:04:20Z" hostname="9c480502fcb8" tests="1" skipped="0" failures="0" errors="0" time="3.494">
    <testcase time="3.494" classname="shiny" name="The_Shiny_App_returns_a_proper_greeting"/>
  </testsuite>
</testsuites>
