<?xml version="1.0" encoding="UTF-8"?>
<testsuites>
  <testsuite name="api" timestamp="2023-01-19T15:56:51Z" hostname="10fa1de53ead" tests="1" skipped="0" failures="0" errors="0" time="4.034">
    <testcase time="4.034" classname="api" name="API_greets_the_person"/>
  </testsuite>
  <testsuite name="hello" timestamp="2023-01-19T15:56:55Z" hostname="10fa1de53ead" tests="1" skipped="0" failures="0" errors="0" time="0.094">
    <testcase time="0.0940000000000003" classname="hello" name="hello_greets_the_entity"/>
  </testsuite>
  <testsuite name="shiny" timestamp="2023-01-19T15:56:55Z" hostname="10fa1de53ead" tests="1" skipped="0" failures="0" errors="0" time="3.503">
    <testcase time="3.503" classname="shiny" name="The_Shiny_App_returns_a_proper_greeting"/>
  </testsuite>
</testsuites>
