<?xml version="1.0" encoding="UTF-8"?>
<testsuites>
  <testsuite name="api" timestamp="2023-01-31T11:42:25Z" hostname="d9ba60270a45" tests="1" skipped="0" failures="0" errors="0" time="3.945">
    <testcase time="3.945" classname="api" name="API_greets_the_person"/>
  </testsuite>
  <testsuite name="hello" timestamp="2023-01-31T11:42:29Z" hostname="d9ba60270a45" tests="1" skipped="0" failures="0" errors="0" time="0.082">
    <testcase time="0.0819999999999999" classname="hello" name="hello_greets_the_entity"/>
  </testsuite>
  <testsuite name="shiny" timestamp="2023-01-31T11:42:29Z" hostname="d9ba60270a45" tests="1" skipped="0" failures="0" errors="0" time="3.065">
    <testcase time="3.065" classname="shiny" name="The_Shiny_App_returns_a_proper_greeting"/>
  </testsuite>
</testsuites>
