<?xml version="1.0" encoding="UTF-8"?>
<testsuites>
  <testsuite name="api" timestamp="2023-02-01T15:54:06Z" hostname="2ac94c917289" tests="1" skipped="0" failures="0" errors="0" time="4.348">
    <testcase time="4.348" classname="api" name="API_greets_the_person"/>
  </testsuite>
  <testsuite name="hello" timestamp="2023-02-01T15:54:10Z" hostname="2ac94c917289" tests="1" skipped="0" failures="0" errors="0" time="0.129">
    <testcase time="0.129" classname="hello" name="hello_greets_the_entity"/>
  </testsuite>
  <testsuite name="shiny" timestamp="2023-02-01T15:54:10Z" hostname="2ac94c917289" tests="1" skipped="0" failures="0" errors="0" time="3.837">
    <testcase time="3.837" classname="shiny" name="The_Shiny_App_returns_a_proper_greeting"/>
  </testsuite>
</testsuites>
