<?xml version="1.0" encoding="UTF-8"?>
<testsuites>
  <testsuite name="api" timestamp="2023-02-01T12:56:08Z" hostname="d52b6b177452" tests="1" skipped="0" failures="0" errors="0" time="4.175">
    <testcase time="4.175" classname="api" name="API_greets_the_person"/>
  </testsuite>
  <testsuite name="hello" timestamp="2023-02-01T12:56:12Z" hostname="d52b6b177452" tests="1" skipped="0" failures="0" errors="0" time="0.104">
    <testcase time="0.104" classname="hello" name="hello_greets_the_entity"/>
  </testsuite>
  <testsuite name="shiny" timestamp="2023-02-01T12:56:12Z" hostname="d52b6b177452" tests="1" skipped="0" failures="0" errors="0" time="3.281">
    <testcase time="3.281" classname="shiny" name="The_Shiny_App_returns_a_proper_greeting"/>
  </testsuite>
</testsuites>
