<?xml version="1.0" encoding="UTF-8"?>
<testsuites>
  <testsuite name="api" timestamp="2023-08-09T15:48:59Z" hostname="42ebdd55dbb9" tests="1" skipped="0" failures="0" errors="0" time="4.417">
    <testcase time="4.417" classname="api" name="API_greets_the_person"/>
  </testsuite>
  <testsuite name="hello" timestamp="2023-08-09T15:49:04Z" hostname="42ebdd55dbb9" tests="1" skipped="0" failures="0" errors="0" time="0.146">
    <testcase time="0.146" classname="hello" name="hello_greets_the_entity"/>
  </testsuite>
  <testsuite name="shiny" timestamp="2023-08-09T15:49:04Z" hostname="42ebdd55dbb9" tests="1" skipped="0" failures="0" errors="0" time="3.913">
    <testcase time="3.913" classname="shiny" name="The_Shiny_App_returns_a_proper_greeting"/>
  </testsuite>
</testsuites>
