<?xml version="1.0" encoding="UTF-8"?>
<testsuites>
  <testsuite name="api" timestamp="2023-07-07T12:35:43Z" hostname="2d853c12d342" tests="1" skipped="0" failures="0" errors="0" time="4.026">
    <testcase time="4.026" classname="api" name="API_greets_the_person"/>
  </testsuite>
  <testsuite name="hello" timestamp="2023-07-07T12:35:47Z" hostname="2d853c12d342" tests="1" skipped="0" failures="0" errors="0" time="0.096">
    <testcase time="0.0960000000000001" classname="hello" name="hello_greets_the_entity"/>
  </testsuite>
  <testsuite name="shiny" timestamp="2023-07-07T12:35:47Z" hostname="2d853c12d342" tests="1" skipped="0" failures="0" errors="0" time="2.978">
    <testcase time="2.978" classname="shiny" name="The_Shiny_App_returns_a_proper_greeting"/>
  </testsuite>
</testsuites>
