<?xml version="1.0" encoding="UTF-8"?>
<testsuites>
  <testsuite name="api" timestamp="2023-07-07T14:22:09Z" hostname="e161d71a3a61" tests="1" skipped="0" failures="0" errors="0" time="4.36">
    <testcase time="4.36" classname="api" name="API_greets_the_person"/>
  </testsuite>
  <testsuite name="hello" timestamp="2023-07-07T14:22:14Z" hostname="e161d71a3a61" tests="1" skipped="0" failures="0" errors="0" time="0.138">
    <testcase time="0.138" classname="hello" name="hello_greets_the_entity"/>
  </testsuite>
  <testsuite name="shiny" timestamp="2023-07-07T14:22:14Z" hostname="e161d71a3a61" tests="1" skipped="0" failures="0" errors="0" time="3.575">
    <testcase time="3.575" classname="shiny" name="The_Shiny_App_returns_a_proper_greeting"/>
  </testsuite>
</testsuites>
