<?xml version="1.0" encoding="UTF-8"?>
<testsuites>
  <testsuite name="api" timestamp="2023-07-07T12:55:52Z" hostname="c33649b4e73a" tests="1" skipped="0" failures="0" errors="0" time="4.324">
    <testcase time="4.324" classname="api" name="API_greets_the_person"/>
  </testsuite>
  <testsuite name="hello" timestamp="2023-07-07T12:55:56Z" hostname="c33649b4e73a" tests="1" skipped="0" failures="0" errors="0" time="0.134">
    <testcase time="0.134" classname="hello" name="hello_greets_the_entity"/>
  </testsuite>
  <testsuite name="shiny" timestamp="2023-07-07T12:55:56Z" hostname="c33649b4e73a" tests="1" skipped="0" failures="0" errors="0" time="3.58">
    <testcase time="3.58" classname="shiny" name="The_Shiny_App_returns_a_proper_greeting"/>
  </testsuite>
</testsuites>
