<?xml version="1.0" encoding="UTF-8"?>
<testsuites>
  <testsuite name="api" timestamp="2023-07-07T14:12:20Z" hostname="28c59a868338" tests="1" skipped="0" failures="0" errors="0" time="3.974">
    <testcase time="3.974" classname="api" name="API_greets_the_person"/>
  </testsuite>
  <testsuite name="hello" timestamp="2023-07-07T14:12:24Z" hostname="28c59a868338" tests="1" skipped="0" failures="0" errors="0" time="0.092">
    <testcase time="0.0920000000000005" classname="hello" name="hello_greets_the_entity"/>
  </testsuite>
  <testsuite name="shiny" timestamp="2023-07-07T14:12:25Z" hostname="28c59a868338" tests="1" skipped="0" failures="0" errors="0" time="3.024">
    <testcase time="3.024" classname="shiny" name="The_Shiny_App_returns_a_proper_greeting"/>
  </testsuite>
</testsuites>
