<?xml version="1.0" encoding="UTF-8"?>
<testsuites>
  <testsuite name="api" timestamp="2023-02-14T09:53:32Z" hostname="02fe01659b89" tests="1" skipped="0" failures="0" errors="0" time="4.34">
    <testcase time="4.34" classname="api" name="API_greets_the_person"/>
  </testsuite>
  <testsuite name="hello" timestamp="2023-02-14T09:53:37Z" hostname="02fe01659b89" tests="1" skipped="0" failures="0" errors="0" time="0.107">
    <testcase time="0.107" classname="hello" name="hello_greets_the_entity"/>
  </testsuite>
  <testsuite name="shiny" timestamp="2023-02-14T09:53:37Z" hostname="02fe01659b89" tests="1" skipped="0" failures="0" errors="0" time="3.449">
    <testcase time="3.449" classname="shiny" name="The_Shiny_App_returns_a_proper_greeting"/>
  </testsuite>
</testsuites>
