<?xml version="1.0" encoding="UTF-8"?>
<testsuites>
  <testsuite name="api" timestamp="2024-10-01T09:46:04Z" hostname="b7a2f3a2aaae" tests="1" skipped="0" failures="0" errors="0" time="4.018">
    <testcase time="4.018" classname="api" name="API_greets_the_person"/>
  </testsuite>
  <testsuite name="hello" timestamp="2024-10-01T09:46:08Z" hostname="b7a2f3a2aaae" tests="1" skipped="0" failures="0" errors="0" time="0.077">
    <testcase time="0.077" classname="hello" name="hello_greets_the_entity"/>
  </testsuite>
  <testsuite name="shiny" timestamp="2024-10-01T09:46:08Z" hostname="b7a2f3a2aaae" tests="1" skipped="0" failures="0" errors="0" time="2.416">
    <testcase time="2.416" classname="shiny" name="The_Shiny_App_returns_a_proper_greeting"/>
  </testsuite>
</testsuites>
