<?xml version="1.0" encoding="UTF-8"?>
<testsuites>
  <testsuite name="api" timestamp="2024-05-06T23:39:09Z" hostname="9d2932fa5246" tests="1" skipped="0" failures="0" errors="0" time="3.963">
    <testcase time="3.963" classname="api" name="API_greets_the_person"/>
  </testsuite>
  <testsuite name="hello" timestamp="2024-05-06T23:39:13Z" hostname="9d2932fa5246" tests="1" skipped="0" failures="0" errors="0" time="0.077">
    <testcase time="0.077" classname="hello" name="hello_greets_the_entity"/>
  </testsuite>
  <testsuite name="shiny" timestamp="2024-05-06T23:39:13Z" hostname="9d2932fa5246" tests="1" skipped="0" failures="0" errors="0" time="2.384">
    <testcase time="2.384" classname="shiny" name="The_Shiny_App_returns_a_proper_greeting"/>
  </testsuite>
</testsuites>
