<?xml version="1.0" encoding="UTF-8"?>
<testsuites>
  <testsuite name="api" timestamp="2024-07-08T12:39:59Z" hostname="7cff4eaf4728" tests="1" skipped="0" failures="0" errors="0" time="4.013">
    <testcase time="4.013" classname="api" name="API_greets_the_person"/>
  </testsuite>
  <testsuite name="hello" timestamp="2024-07-08T12:40:03Z" hostname="7cff4eaf4728" tests="1" skipped="0" failures="0" errors="0" time="0.078">
    <testcase time="0.0779999999999994" classname="hello" name="hello_greets_the_entity"/>
  </testsuite>
  <testsuite name="shiny" timestamp="2024-07-08T12:40:03Z" hostname="7cff4eaf4728" tests="1" skipped="0" failures="0" errors="0" time="2.426">
    <testcase time="2.426" classname="shiny" name="The_Shiny_App_returns_a_proper_greeting"/>
  </testsuite>
</testsuites>
