<?xml version="1.0" encoding="UTF-8"?>
<testsuites>
  <testsuite name="api" timestamp="2023-08-01T16:26:35Z" hostname="c9296ed66d6d" tests="1" skipped="0" failures="0" errors="0" time="4.48">
    <testcase time="4.48" classname="api" name="API_greets_the_person"/>
  </testsuite>
  <testsuite name="hello" timestamp="2023-08-01T16:26:39Z" hostname="c9296ed66d6d" tests="1" skipped="0" failures="0" errors="0" time="0.138">
    <testcase time="0.138" classname="hello" name="hello_greets_the_entity"/>
  </testsuite>
  <testsuite name="shiny" timestamp="2023-08-01T16:26:39Z" hostname="c9296ed66d6d" tests="1" skipped="0" failures="0" errors="0" time="3.703">
    <testcase time="3.703" classname="shiny" name="The_Shiny_App_returns_a_proper_greeting"/>
  </testsuite>
</testsuites>
