<?xml version="1.0" encoding="UTF-8"?>
<testsuites>
  <testsuite name="api" timestamp="2024-02-23T14:21:36Z" hostname="f348eba8a42e" tests="1" skipped="0" failures="0" errors="0" time="4.05">
    <testcase time="4.05" classname="api" name="API_greets_the_person"/>
  </testsuite>
  <testsuite name="hello" timestamp="2024-02-23T14:21:40Z" hostname="f348eba8a42e" tests="1" skipped="0" failures="0" errors="0" time="0.083">
    <testcase time="0.0830000000000002" classname="hello" name="hello_greets_the_entity"/>
  </testsuite>
  <testsuite name="shiny" timestamp="2024-02-23T14:21:40Z" hostname="f348eba8a42e" tests="1" skipped="0" failures="0" errors="0" time="2.763">
    <testcase time="2.763" classname="shiny" name="The_Shiny_App_returns_a_proper_greeting"/>
  </testsuite>
</testsuites>
