<?xml version="1.0" encoding="UTF-8"?>
<testsuites>
  <testsuite name="api" timestamp="2024-11-07T12:58:28Z" hostname="f578230125c8" tests="1" skipped="0" failures="0" errors="0" time="4.05">
    <testcase time="4.05" classname="api" name="API_greets_the_person"/>
  </testsuite>
  <testsuite name="hello" timestamp="2024-11-07T12:58:33Z" hostname="f578230125c8" tests="1" skipped="0" failures="0" errors="0" time="0.078">
    <testcase time="0.0780000000000003" classname="hello" name="hello_greets_the_entity"/>
  </testsuite>
  <testsuite name="shiny" timestamp="2024-11-07T12:58:33Z" hostname="f578230125c8" tests="1" skipped="0" failures="0" errors="0" time="2.474">
    <testcase time="2.474" classname="shiny" name="The_Shiny_App_returns_a_proper_greeting"/>
  </testsuite>
</testsuites>
