<?xml version="1.0" encoding="UTF-8"?>
<testsuites>
  <testsuite name="api" timestamp="2023-03-03T16:33:45Z" hostname="13d474e58a8b" tests="1" skipped="0" failures="0" errors="0" time="3.921">
    <testcase time="3.921" classname="api" name="API_greets_the_person"/>
  </testsuite>
  <testsuite name="hello" timestamp="2023-03-03T16:33:48Z" hostname="13d474e58a8b" tests="1" skipped="0" failures="0" errors="0" time="0.084">
    <testcase time="0.0840000000000005" classname="hello" name="hello_greets_the_entity"/>
  </testsuite>
  <testsuite name="shiny" timestamp="2023-03-03T16:33:48Z" hostname="13d474e58a8b" tests="1" skipped="0" failures="0" errors="0" time="2.961">
    <testcase time="2.961" classname="shiny" name="The_Shiny_App_returns_a_proper_greeting"/>
  </testsuite>
</testsuites>
