<?xml version="1.0" encoding="UTF-8"?>
<testsuites>
  <testsuite name="api" timestamp="2023-03-20T11:06:20Z" hostname="9b3971c3a93e" tests="1" skipped="0" failures="0" errors="0" time="4.343">
    <testcase time="4.343" classname="api" name="API_greets_the_person"/>
  </testsuite>
  <testsuite name="hello" timestamp="2023-03-20T11:06:24Z" hostname="9b3971c3a93e" tests="1" skipped="0" failures="0" errors="0" time="0.132">
    <testcase time="0.132000000000001" classname="hello" name="hello_greets_the_entity"/>
  </testsuite>
  <testsuite name="shiny" timestamp="2023-03-20T11:06:25Z" hostname="9b3971c3a93e" tests="1" skipped="0" failures="0" errors="0" time="3.938">
    <testcase time="3.938" classname="shiny" name="The_Shiny_App_returns_a_proper_greeting"/>
  </testsuite>
</testsuites>
