<?xml version="1.0" encoding="UTF-8"?>
<testsuites>
  <testsuite name="api" timestamp="2023-08-24T12:11:51Z" hostname="18e16031221b" tests="1" skipped="0" failures="0" errors="0" time="4.33">
    <testcase time="4.33" classname="api" name="API_greets_the_person"/>
  </testsuite>
  <testsuite name="hello" timestamp="2023-08-24T12:11:56Z" hostname="18e16031221b" tests="1" skipped="0" failures="0" errors="0" time="0.122">
    <testcase time="0.122" classname="hello" name="hello_greets_the_entity"/>
  </testsuite>
  <testsuite name="shiny" timestamp="2023-08-24T12:11:56Z" hostname="18e16031221b" tests="1" skipped="0" failures="0" errors="0" time="3.752">
    <testcase time="3.752" classname="shiny" name="The_Shiny_App_returns_a_proper_greeting"/>
  </testsuite>
</testsuites>
