<?xml version="1.0" encoding="UTF-8"?>
<testsuites>
  <testsuite name="api" timestamp="2023-03-10T12:32:11Z" hostname="f05396fbd012" tests="1" skipped="0" failures="0" errors="0" time="4.057">
    <testcase time="4.057" classname="api" name="API_greets_the_person"/>
  </testsuite>
  <testsuite name="hello" timestamp="2023-03-10T12:32:16Z" hostname="f05396fbd012" tests="1" skipped="0" failures="0" errors="0" time="0.095">
    <testcase time="0.0950000000000006" classname="hello" name="hello_greets_the_entity"/>
  </testsuite>
  <testsuite name="shiny" timestamp="2023-03-10T12:32:16Z" hostname="f05396fbd012" tests="1" skipped="0" failures="0" errors="0" time="3.026">
    <testcase time="3.026" classname="shiny" name="The_Shiny_App_returns_a_proper_greeting"/>
  </testsuite>
</testsuites>
