<?xml version="1.0" encoding="UTF-8"?>
<testsuites>
  <testsuite name="api" timestamp="2024-01-17T12:05:00Z" hostname="21d1d88e4ac4" tests="1" skipped="0" failures="0" errors="0" time="4.052">
    <testcase time="4.052" classname="api" name="API_greets_the_person"/>
  </testsuite>
  <testsuite name="hello" timestamp="2024-01-17T12:05:04Z" hostname="21d1d88e4ac4" tests="1" skipped="0" failures="0" errors="0" time="0.082">
    <testcase time="0.0819999999999999" classname="hello" name="hello_greets_the_entity"/>
  </testsuite>
  <testsuite name="shiny" timestamp="2024-01-17T12:05:04Z" hostname="21d1d88e4ac4" tests="1" skipped="0" failures="0" errors="0" time="2.704">
    <testcase time="2.704" classname="shiny" name="The_Shiny_App_returns_a_proper_greeting"/>
  </testsuite>
</testsuites>
