<?xml version="1.0" encoding="UTF-8"?>
<testsuites>
  <testsuite name="api" timestamp="2023-03-28T15:04:41Z" hostname="a9b3d32de1e9" tests="1" skipped="0" failures="0" errors="0" time="3.914">
    <testcase time="3.914" classname="api" name="API_greets_the_person"/>
  </testsuite>
  <testsuite name="hello" timestamp="2023-03-28T15:04:45Z" hostname="a9b3d32de1e9" tests="1" skipped="0" failures="0" errors="0" time="0.083">
    <testcase time="0.0830000000000002" classname="hello" name="hello_greets_the_entity"/>
  </testsuite>
  <testsuite name="shiny" timestamp="2023-03-28T15:04:45Z" hostname="a9b3d32de1e9" tests="1" skipped="0" failures="0" errors="0" time="3.197">
    <testcase time="3.197" classname="shiny" name="The_Shiny_App_returns_a_proper_greeting"/>
  </testsuite>
</testsuites>
