<?xml version="1.0" encoding="UTF-8"?>
<testsuites>
  <testsuite name="api" timestamp="2025-02-07T11:17:16Z" hostname="fcf29077843b" tests="1" skipped="0" failures="0" errors="0" time="3.998">
    <testcase time="3.998" classname="api" name="API_greets_the_person"/>
  </testsuite>
  <testsuite name="hello" timestamp="2025-02-07T11:17:20Z" hostname="fcf29077843b" tests="1" skipped="0" failures="0" errors="0" time="0.078">
    <testcase time="0.0780000000000003" classname="hello" name="hello_greets_the_entity"/>
  </testsuite>
  <testsuite name="shiny" timestamp="2025-02-07T11:17:20Z" hostname="fcf29077843b" tests="1" skipped="0" failures="0" errors="0" time="2.475">
    <testcase time="2.475" classname="shiny" name="The_Shiny_App_returns_a_proper_greeting"/>
  </testsuite>
</testsuites>
