<?xml version="1.0" encoding="UTF-8"?>
<testsuites>
  <testsuite name="api" timestamp="2025-02-07T13:26:30Z" hostname="9e170e5a0f3f" tests="1" skipped="0" failures="0" errors="0" time="3.978">
    <testcase time="3.978" classname="api" name="API_greets_the_person"/>
  </testsuite>
  <testsuite name="hello" timestamp="2025-02-07T13:26:33Z" hostname="9e170e5a0f3f" tests="1" skipped="0" failures="0" errors="0" time="0.077">
    <testcase time="0.077" classname="hello" name="hello_greets_the_entity"/>
  </testsuite>
  <testsuite name="shiny" timestamp="2025-02-07T13:26:34Z" hostname="9e170e5a0f3f" tests="1" skipped="0" failures="0" errors="0" time="2.398">
    <testcase time="2.398" classname="shiny" name="The_Shiny_App_returns_a_proper_greeting"/>
  </testsuite>
</testsuites>
