<?xml version="1.0" encoding="UTF-8"?>
<testsuites>
  <testsuite name="api" timestamp="2025-02-06T13:21:54Z" hostname="5860aaa28201" tests="1" skipped="0" failures="0" errors="0" time="4.011">
    <testcase time="4.011" classname="api" name="API_greets_the_person"/>
  </testsuite>
  <testsuite name="hello" timestamp="2025-02-06T13:21:58Z" hostname="5860aaa28201" tests="1" skipped="0" failures="0" errors="0" time="0.082">
    <testcase time="0.0819999999999999" classname="hello" name="hello_greets_the_entity"/>
  </testsuite>
  <testsuite name="shiny" timestamp="2025-02-06T13:21:58Z" hostname="5860aaa28201" tests="1" skipped="0" failures="0" errors="0" time="2.558">
    <testcase time="2.558" classname="shiny" name="The_Shiny_App_returns_a_proper_greeting"/>
  </testsuite>
</testsuites>
