<?xml version="1.0" encoding="UTF-8"?>
<testsuites>
  <testsuite name="api" timestamp="2025-02-10T08:33:29Z" hostname="cbc9a67bd71f" tests="1" skipped="0" failures="0" errors="0" time="3.99">
    <testcase time="3.99" classname="api" name="API_greets_the_person"/>
  </testsuite>
  <testsuite name="hello" timestamp="2025-02-10T08:33:33Z" hostname="cbc9a67bd71f" tests="1" skipped="0" failures="0" errors="0" time="0.078">
    <testcase time="0.0780000000000003" classname="hello" name="hello_greets_the_entity"/>
  </testsuite>
  <testsuite name="shiny" timestamp="2025-02-10T08:33:33Z" hostname="cbc9a67bd71f" tests="1" skipped="0" failures="0" errors="0" time="2.439">
    <testcase time="2.439" classname="shiny" name="The_Shiny_App_returns_a_proper_greeting"/>
  </testsuite>
</testsuites>
