<?xml version="1.0" encoding="UTF-8"?>
<testsuites>
  <testsuite name="api" timestamp="2025-02-06T14:29:19Z" hostname="b44d6792e176" tests="1" skipped="0" failures="0" errors="0" time="3.991">
    <testcase time="3.991" classname="api" name="API_greets_the_person"/>
  </testsuite>
  <testsuite name="hello" timestamp="2025-02-06T14:29:23Z" hostname="b44d6792e176" tests="1" skipped="0" failures="0" errors="0" time="0.077">
    <testcase time="0.077" classname="hello" name="hello_greets_the_entity"/>
  </testsuite>
  <testsuite name="shiny" timestamp="2025-02-06T14:29:23Z" hostname="b44d6792e176" tests="1" skipped="0" failures="0" errors="0" time="2.41">
    <testcase time="2.41" classname="shiny" name="The_Shiny_App_returns_a_proper_greeting"/>
  </testsuite>
</testsuites>
