<?xml version="1.0" encoding="UTF-8"?>
<testsuites>
  <testsuite name="api" timestamp="2025-02-10T09:34:17Z" hostname="d4cf92df65da" tests="1" skipped="0" failures="0" errors="0" time="3.965">
    <testcase time="3.965" classname="api" name="API_greets_the_person"/>
  </testsuite>
  <testsuite name="hello" timestamp="2025-02-10T09:34:21Z" hostname="d4cf92df65da" tests="1" skipped="0" failures="0" errors="0" time="0.076">
    <testcase time="0.0759999999999996" classname="hello" name="hello_greets_the_entity"/>
  </testsuite>
  <testsuite name="shiny" timestamp="2025-02-10T09:34:21Z" hostname="d4cf92df65da" tests="1" skipped="0" failures="0" errors="0" time="2.391">
    <testcase time="2.391" classname="shiny" name="The_Shiny_App_returns_a_proper_greeting"/>
  </testsuite>
</testsuites>
