<?xml version="1.0" encoding="UTF-8"?>
<testsuites>
  <testsuite name="api" timestamp="2025-02-07T16:06:54Z" hostname="9c6f78d60d57" tests="1" skipped="0" failures="0" errors="0" time="4.016">
    <testcase time="4.016" classname="api" name="API_greets_the_person"/>
  </testsuite>
  <testsuite name="hello" timestamp="2025-02-07T16:06:58Z" hostname="9c6f78d60d57" tests="1" skipped="0" failures="0" errors="0" time="0.081">
    <testcase time="0.0809999999999995" classname="hello" name="hello_greets_the_entity"/>
  </testsuite>
  <testsuite name="shiny" timestamp="2025-02-07T16:06:59Z" hostname="9c6f78d60d57" tests="1" skipped="0" failures="0" errors="0" time="2.449">
    <testcase time="2.449" classname="shiny" name="The_Shiny_App_returns_a_proper_greeting"/>
  </testsuite>
</testsuites>
