<?xml version="1.0" encoding="UTF-8"?>
<testsuites>
  <testsuite name="api" timestamp="2023-07-11T12:50:46Z" hostname="2cd4bf9f59e9" tests="1" skipped="0" failures="0" errors="0" time="4.01">
    <testcase time="4.01" classname="api" name="API_greets_the_person"/>
  </testsuite>
  <testsuite name="hello" timestamp="2023-07-11T12:50:50Z" hostname="2cd4bf9f59e9" tests="1" skipped="0" failures="0" errors="0" time="0.098">
    <testcase time="0.0979999999999999" classname="hello" name="hello_greets_the_entity"/>
  </testsuite>
  <testsuite name="shiny" timestamp="2023-07-11T12:50:50Z" hostname="2cd4bf9f59e9" tests="1" skipped="0" failures="0" errors="0" time="3.19">
    <testcase time="3.19" classname="shiny" name="The_Shiny_App_returns_a_proper_greeting"/>
  </testsuite>
</testsuites>
