<?xml version="1.0" encoding="UTF-8"?>
<testsuites>
  <testsuite name="api" timestamp="2023-07-11T13:13:52Z" hostname="b1235a330db7" tests="1" skipped="0" failures="0" errors="0" time="4.059">
    <testcase time="4.059" classname="api" name="API_greets_the_person"/>
  </testsuite>
  <testsuite name="hello" timestamp="2023-07-11T13:13:56Z" hostname="b1235a330db7" tests="1" skipped="0" failures="0" errors="0" time="0.103">
    <testcase time="0.103000000000001" classname="hello" name="hello_greets_the_entity"/>
  </testsuite>
  <testsuite name="shiny" timestamp="2023-07-11T13:13:56Z" hostname="b1235a330db7" tests="1" skipped="0" failures="0" errors="0" time="3.019">
    <testcase time="3.019" classname="shiny" name="The_Shiny_App_returns_a_proper_greeting"/>
  </testsuite>
</testsuites>
