<?xml version="1.0" encoding="UTF-8"?>
<testsuites>
  <testsuite name="api" timestamp="2023-07-11T08:34:09Z" hostname="ffa96ec2a683" tests="1" skipped="0" failures="0" errors="0" time="3.949">
    <testcase time="3.949" classname="api" name="API_greets_the_person"/>
  </testsuite>
  <testsuite name="hello" timestamp="2023-07-11T08:34:13Z" hostname="ffa96ec2a683" tests="1" skipped="0" failures="0" errors="0" time="0.096">
    <testcase time="0.0960000000000001" classname="hello" name="hello_greets_the_entity"/>
  </testsuite>
  <testsuite name="shiny" timestamp="2023-07-11T08:34:13Z" hostname="ffa96ec2a683" tests="1" skipped="0" failures="0" errors="0" time="3.021">
    <testcase time="3.021" classname="shiny" name="The_Shiny_App_returns_a_proper_greeting"/>
  </testsuite>
</testsuites>
