<?xml version="1.0" encoding="UTF-8"?>
<testsuites>
  <testsuite name="api" timestamp="2024-07-04T11:09:25Z" hostname="213fa8b61c87" tests="1" skipped="0" failures="0" errors="0" time="4.001">
    <testcase time="4.001" classname="api" name="API_greets_the_person"/>
  </testsuite>
  <testsuite name="hello" timestamp="2024-07-04T11:09:29Z" hostname="213fa8b61c87" tests="1" skipped="0" failures="0" errors="0" time="0.075">
    <testcase time="0.0749999999999993" classname="hello" name="hello_greets_the_entity"/>
  </testsuite>
  <testsuite name="shiny" timestamp="2024-07-04T11:09:29Z" hostname="213fa8b61c87" tests="1" skipped="0" failures="0" errors="0" time="2.628">
    <testcase time="2.628" classname="shiny" name="The_Shiny_App_returns_a_proper_greeting"/>
  </testsuite>
</testsuites>
