<?xml version="1.0" encoding="UTF-8"?>
<testsuites>
  <testsuite name="api" timestamp="2024-06-27T15:33:54Z" hostname="c34a48391b66" tests="1" skipped="0" failures="0" errors="0" time="4.045">
    <testcase time="4.045" classname="api" name="API_greets_the_person"/>
  </testsuite>
  <testsuite name="hello" timestamp="2024-06-27T15:33:58Z" hostname="c34a48391b66" tests="1" skipped="0" failures="0" errors="0" time="0.081">
    <testcase time="0.0809999999999995" classname="hello" name="hello_greets_the_entity"/>
  </testsuite>
  <testsuite name="shiny" timestamp="2024-06-27T15:33:58Z" hostname="c34a48391b66" tests="1" skipped="0" failures="0" errors="0" time="2.545">
    <testcase time="2.545" classname="shiny" name="The_Shiny_App_returns_a_proper_greeting"/>
  </testsuite>
</testsuites>
