<?xml version="1.0" encoding="UTF-8"?>
<testsuites>
  <testsuite name="api" timestamp="2024-07-05T13:30:51Z" hostname="14d17e653026" tests="1" skipped="0" failures="0" errors="0" time="3.999">
    <testcase time="3.999" classname="api" name="API_greets_the_person"/>
  </testsuite>
  <testsuite name="hello" timestamp="2024-07-05T13:30:55Z" hostname="14d17e653026" tests="1" skipped="0" failures="0" errors="0" time="0.077">
    <testcase time="0.077" classname="hello" name="hello_greets_the_entity"/>
  </testsuite>
  <testsuite name="shiny" timestamp="2024-07-05T13:30:55Z" hostname="14d17e653026" tests="1" skipped="0" failures="0" errors="0" time="2.431">
    <testcase time="2.431" classname="shiny" name="The_Shiny_App_returns_a_proper_greeting"/>
  </testsuite>
</testsuites>
