<?xml version="1.0" encoding="UTF-8"?>
<testsuites>
  <testsuite name="api" timestamp="2023-04-05T14:56:46Z" hostname="c011f69e1632" tests="1" skipped="0" failures="0" errors="0" time="3.915">
    <testcase time="3.915" classname="api" name="API_greets_the_person"/>
  </testsuite>
  <testsuite name="hello" timestamp="2023-04-05T14:56:50Z" hostname="c011f69e1632" tests="1" skipped="0" failures="0" errors="0" time="0.086">
    <testcase time="0.0860000000000003" classname="hello" name="hello_greets_the_entity"/>
  </testsuite>
  <testsuite name="shiny" timestamp="2023-04-05T14:56:50Z" hostname="c011f69e1632" tests="1" skipped="0" failures="0" errors="0" time="3.366">
    <testcase time="3.366" classname="shiny" name="The_Shiny_App_returns_a_proper_greeting"/>
  </testsuite>
</testsuites>
