<?xml version="1.0" encoding="UTF-8"?>
<testsuites>
  <testsuite name="api" timestamp="2024-05-22T13:14:56Z" hostname="c14a7b063ab8" tests="1" skipped="0" failures="0" errors="0" time="3.996">
    <testcase time="3.996" classname="api" name="API_greets_the_person"/>
  </testsuite>
  <testsuite name="hello" timestamp="2024-05-22T13:15:00Z" hostname="c14a7b063ab8" tests="1" skipped="0" failures="0" errors="0" time="0.078">
    <testcase time="0.0780000000000003" classname="hello" name="hello_greets_the_entity"/>
  </testsuite>
  <testsuite name="shiny" timestamp="2024-05-22T13:15:00Z" hostname="c14a7b063ab8" tests="1" skipped="0" failures="0" errors="0" time="2.442">
    <testcase time="2.442" classname="shiny" name="The_Shiny_App_returns_a_proper_greeting"/>
  </testsuite>
</testsuites>
