<?xml version="1.0" encoding="UTF-8"?>
<testsuites>
  <testsuite name="api" timestamp="2023-07-28T12:18:26Z" hostname="8ff19f5c924f" tests="1" skipped="0" failures="0" errors="0" time="4.358">
    <testcase time="4.358" classname="api" name="API_greets_the_person"/>
  </testsuite>
  <testsuite name="hello" timestamp="2023-07-28T12:18:31Z" hostname="8ff19f5c924f" tests="1" skipped="0" failures="0" errors="0" time="0.167">
    <testcase time="0.167000000000001" classname="hello" name="hello_greets_the_entity"/>
  </testsuite>
  <testsuite name="shiny" timestamp="2023-07-28T12:18:31Z" hostname="8ff19f5c924f" tests="1" skipped="0" failures="0" errors="0" time="3.782">
    <testcase time="3.782" classname="shiny" name="The_Shiny_App_returns_a_proper_greeting"/>
  </testsuite>
</testsuites>
