<?xml version="1.0" encoding="UTF-8"?>
<testsuites>
  <testsuite name="api" timestamp="2024-09-26T08:21:08Z" hostname="4927c16fe5c3" tests="1" skipped="0" failures="0" errors="0" time="4.02">
    <testcase time="4.02" classname="api" name="API_greets_the_person"/>
  </testsuite>
  <testsuite name="hello" timestamp="2024-09-26T08:21:12Z" hostname="4927c16fe5c3" tests="1" skipped="0" failures="0" errors="0" time="0.082">
    <testcase time="0.0819999999999999" classname="hello" name="hello_greets_the_entity"/>
  </testsuite>
  <testsuite name="shiny" timestamp="2024-09-26T08:21:12Z" hostname="4927c16fe5c3" tests="1" skipped="0" failures="0" errors="0" time="2.435">
    <testcase time="2.435" classname="shiny" name="The_Shiny_App_returns_a_proper_greeting"/>
  </testsuite>
</testsuites>
