<?xml version="1.0" encoding="UTF-8"?>
<testsuites>
  <testsuite name="api" timestamp="2024-09-26T12:45:46Z" hostname="6c62bb856994" tests="1" skipped="0" failures="0" errors="0" time="4.022">
    <testcase time="4.022" classname="api" name="API_greets_the_person"/>
  </testsuite>
  <testsuite name="hello" timestamp="2024-09-26T12:45:50Z" hostname="6c62bb856994" tests="1" skipped="0" failures="0" errors="0" time="0.079">
    <testcase time="0.0789999999999997" classname="hello" name="hello_greets_the_entity"/>
  </testsuite>
  <testsuite name="shiny" timestamp="2024-09-26T12:45:50Z" hostname="6c62bb856994" tests="1" skipped="0" failures="0" errors="0" time="2.493">
    <testcase time="2.493" classname="shiny" name="The_Shiny_App_returns_a_proper_greeting"/>
  </testsuite>
</testsuites>
