<?xml version="1.0" encoding="UTF-8"?>
<testsuites>
  <testsuite name="api" timestamp="2024-09-23T09:56:59Z" hostname="570c3c2f4260" tests="1" skipped="0" failures="0" errors="0" time="4.036">
    <testcase time="4.036" classname="api" name="API_greets_the_person"/>
  </testsuite>
  <testsuite name="hello" timestamp="2024-09-23T09:57:03Z" hostname="570c3c2f4260" tests="1" skipped="0" failures="0" errors="0" time="0.082">
    <testcase time="0.0820000000000007" classname="hello" name="hello_greets_the_entity"/>
  </testsuite>
  <testsuite name="shiny" timestamp="2024-09-23T09:57:03Z" hostname="570c3c2f4260" tests="1" skipped="0" failures="0" errors="0" time="2.445">
    <testcase time="2.445" classname="shiny" name="The_Shiny_App_returns_a_proper_greeting"/>
  </testsuite>
</testsuites>
