<?xml version="1.0" encoding="UTF-8"?>
<testsuites>
  <testsuite name="api" timestamp="2024-09-26T14:29:28Z" hostname="52f870793e69" tests="1" skipped="0" failures="0" errors="0" time="4.038">
    <testcase time="4.038" classname="api" name="API_greets_the_person"/>
  </testsuite>
  <testsuite name="hello" timestamp="2024-09-26T14:29:32Z" hostname="52f870793e69" tests="1" skipped="0" failures="0" errors="0" time="0.083">
    <testcase time="0.0830000000000002" classname="hello" name="hello_greets_the_entity"/>
  </testsuite>
  <testsuite name="shiny" timestamp="2024-09-26T14:29:32Z" hostname="52f870793e69" tests="1" skipped="0" failures="0" errors="0" time="2.464">
    <testcase time="2.464" classname="shiny" name="The_Shiny_App_returns_a_proper_greeting"/>
  </testsuite>
</testsuites>
