<?xml version="1.0" encoding="UTF-8"?>
<testsuites>
  <testsuite name="api" timestamp="2024-09-12T14:36:31Z" hostname="c650bad708ae" tests="1" skipped="0" failures="0" errors="0" time="3.976">
    <testcase time="3.976" classname="api" name="API_greets_the_person"/>
  </testsuite>
  <testsuite name="hello" timestamp="2024-09-12T14:36:35Z" hostname="c650bad708ae" tests="1" skipped="0" failures="0" errors="0" time="0.077">
    <testcase time="0.077" classname="hello" name="hello_greets_the_entity"/>
  </testsuite>
  <testsuite name="shiny" timestamp="2024-09-12T14:36:35Z" hostname="c650bad708ae" tests="1" skipped="0" failures="0" errors="0" time="2.495">
    <testcase time="2.495" classname="shiny" name="The_Shiny_App_returns_a_proper_greeting"/>
  </testsuite>
</testsuites>
