<?xml version="1.0" encoding="UTF-8"?>
<testsuites>
  <testsuite name="api" timestamp="2025-10-29T10:31:32Z" hostname="80eba27f597b" tests="1" skipped="0" failures="0" errors="0" time="4.071">
    <testcase time="4.071" classname="api" name="API_greets_the_person"/>
  </testsuite>
  <testsuite name="hello" timestamp="2025-10-29T10:31:36Z" hostname="80eba27f597b" tests="1" skipped="0" failures="0" errors="0" time="0.085">
    <testcase time="0.085" classname="hello" name="hello_greets_the_entity"/>
  </testsuite>
  <testsuite name="shiny" timestamp="2025-10-29T10:31:36Z" hostname="80eba27f597b" tests="1" skipped="1" failures="0" errors="0" time="0.062">
    <testcase time="0.0620000000000003" classname="shiny" name="The_Shiny_App_returns_a_proper_greeting">
      <skipped message="Reason: On CRAN ('test-shiny.R:3:3')"/>
    </testcase>
  </testsuite>
</testsuites>
