<?xml version="1.0" encoding="UTF-8"?>
<testsuites>
  <testsuite name="api" timestamp="2023-02-03T22:43:19Z" hostname="40363bac4bfc" tests="1" skipped="0" failures="0" errors="0" time="3.978">
    <testcase time="3.978" classname="api" name="API_greets_the_person"/>
  </testsuite>
  <testsuite name="hello" timestamp="2023-02-03T22:43:23Z" hostname="40363bac4bfc" tests="1" skipped="0" failures="0" errors="0" time="0.09">
    <testcase time="0.0900000000000007" classname="hello" name="hello_greets_the_entity"/>
  </testsuite>
  <testsuite name="shiny" timestamp="2023-02-03T22:43:23Z" hostname="40363bac4bfc" tests="1" skipped="0" failures="0" errors="0" time="2.969">
    <testcase time="2.969" classname="shiny" name="The_Shiny_App_returns_a_proper_greeting"/>
  </testsuite>
</testsuites>
