<?xml version="1.0" encoding="UTF-8"?>
<testsuites>
  <testsuite name="api" timestamp="2024-05-16T15:16:57Z" hostname="1ea27ff4e4d9" tests="1" skipped="0" failures="0" errors="0" time="3.973">
    <testcase time="3.973" classname="api" name="API_greets_the_person"/>
  </testsuite>
  <testsuite name="hello" timestamp="2024-05-16T15:17:01Z" hostname="1ea27ff4e4d9" tests="1" skipped="0" failures="0" errors="0" time="0.079">
    <testcase time="0.0790000000000006" classname="hello" name="hello_greets_the_entity"/>
  </testsuite>
  <testsuite name="shiny" timestamp="2024-05-16T15:17:01Z" hostname="1ea27ff4e4d9" tests="1" skipped="0" failures="0" errors="0" time="2.404">
    <testcase time="2.404" classname="shiny" name="The_Shiny_App_returns_a_proper_greeting"/>
  </testsuite>
</testsuites>
