<?xml version="1.0" encoding="UTF-8"?>
<testsuites>
  <testsuite name="api" timestamp="2024-06-26T14:05:24Z" hostname="91c242c802b7" tests="1" skipped="0" failures="0" errors="0" time="4.085">
    <testcase time="4.085" classname="api" name="API_greets_the_person"/>
  </testsuite>
  <testsuite name="hello" timestamp="2024-06-26T14:05:28Z" hostname="91c242c802b7" tests="1" skipped="0" failures="0" errors="0" time="0.078">
    <testcase time="0.0780000000000003" classname="hello" name="hello_greets_the_entity"/>
  </testsuite>
  <testsuite name="shiny" timestamp="2024-06-26T14:05:28Z" hostname="91c242c802b7" tests="1" skipped="0" failures="0" errors="0" time="3.025">
    <testcase time="3.025" classname="shiny" name="The_Shiny_App_returns_a_proper_greeting"/>
  </testsuite>
</testsuites>
