<?xml version="1.0" encoding="UTF-8"?>
<testsuites>
  <testsuite name="hello" timestamp="2023-11-03T16:18:42Z" hostname="9733838e0fd0" tests="1" skipped="0" failures="0" errors="0" time="0.47">
    <testcase time="0.47" classname="character(0)" name="hello_greets_the_entity"/>
  </testsuite>
  <testsuite name="shiny" timestamp="2023-11-03T16:18:46Z" hostname="9733838e0fd0" tests="1" skipped="0" failures="0" errors="0" time="3.97">
    <testcase time="3.97" classname="character(0)" name="The_Shiny_App_returns_a_proper_greeting"/>
  </testsuite>
  <testsuite name="api" timestamp="2023-11-03T16:18:46Z" hostname="9733838e0fd0" tests="1" skipped="0" failures="0" errors="0" time="0.068">
    <testcase time="0.0680000000000005" classname="character(0)" name="API_greets_the_person"/>
  </testsuite>
</testsuites>
