<?xml version="1.0" encoding="UTF-8"?>
<testsuites>
  <testsuite name="api" timestamp="2023-09-25T22:27:25Z" hostname="7686303a95cf" tests="1" skipped="0" failures="0" errors="0" time="4.24">
    <testcase time="4.24" classname="api" name="API_greets_the_person"/>
  </testsuite>
  <testsuite name="hello" timestamp="2023-09-25T22:27:29Z" hostname="7686303a95cf" tests="1" skipped="0" failures="0" errors="0" time="0.125">
    <testcase time="0.125" classname="hello" name="hello_greets_the_entity"/>
  </testsuite>
  <testsuite name="shiny" timestamp="2023-09-25T22:27:29Z" hostname="7686303a95cf" tests="1" skipped="0" failures="0" errors="0" time="3.611">
    <testcase time="3.611" classname="shiny" name="The_Shiny_App_returns_a_proper_greeting"/>
  </testsuite>
</testsuites>
