<?xml version="1.0" encoding="UTF-8"?>
<testsuites>
  <testsuite name="api" timestamp="2023-02-22T17:26:31Z" hostname="ba5764356b47" tests="1" skipped="0" failures="0" errors="0" time="4.289">
    <testcase time="4.289" classname="api" name="API_greets_the_person"/>
  </testsuite>
  <testsuite name="hello" timestamp="2023-02-22T17:26:35Z" hostname="ba5764356b47" tests="1" skipped="0" failures="0" errors="0" time="0.112">
    <testcase time="0.111999999999999" classname="hello" name="hello_greets_the_entity"/>
  </testsuite>
  <testsuite name="shiny" timestamp="2023-02-22T17:26:35Z" hostname="ba5764356b47" tests="1" skipped="0" failures="0" errors="0" time="3.746">
    <testcase time="3.746" classname="shiny" name="The_Shiny_App_returns_a_proper_greeting"/>
  </testsuite>
</testsuites>
