<?xml version="1.0" encoding="UTF-8"?>
<testsuites>
  <testsuite name="api" timestamp="2024-03-04T14:31:31Z" hostname="41f68cf62f07" tests="1" skipped="0" failures="0" errors="0" time="3.977">
    <testcase time="3.977" classname="api" name="API_greets_the_person"/>
  </testsuite>
  <testsuite name="hello" timestamp="2024-03-04T14:31:35Z" hostname="41f68cf62f07" tests="1" skipped="0" failures="0" errors="0" time="0.081">
    <testcase time="0.0810000000000004" classname="hello" name="hello_greets_the_entity"/>
  </testsuite>
  <testsuite name="shiny" timestamp="2024-03-04T14:31:35Z" hostname="41f68cf62f07" tests="1" skipped="0" failures="0" errors="0" time="2.769">
    <testcase time="2.769" classname="shiny" name="The_Shiny_App_returns_a_proper_greeting"/>
  </testsuite>
</testsuites>
