<?xml version="1.0" encoding="UTF-8"?>
<testsuites>
  <testsuite name="api" timestamp="2024-03-07T14:03:08Z" hostname="1ffd242ec894" tests="1" skipped="0" failures="0" errors="0" time="4.067">
    <testcase time="4.067" classname="api" name="API_greets_the_person"/>
  </testsuite>
  <testsuite name="hello" timestamp="2024-03-07T14:03:12Z" hostname="1ffd242ec894" tests="1" skipped="0" failures="0" errors="0" time="0.082">
    <testcase time="0.0819999999999999" classname="hello" name="hello_greets_the_entity"/>
  </testsuite>
  <testsuite name="shiny" timestamp="2024-03-07T14:03:12Z" hostname="1ffd242ec894" tests="1" skipped="0" failures="0" errors="0" time="3.008">
    <testcase time="3.008" classname="shiny" name="The_Shiny_App_returns_a_proper_greeting"/>
  </testsuite>
</testsuites>
