<?xml version="1.0" encoding="UTF-8"?>
<testsuites>
  <testsuite name="api" timestamp="2024-03-08T16:05:25Z" hostname="71c01fde92e3" tests="1" skipped="0" failures="0" errors="0" time="4.094">
    <testcase time="4.094" classname="api" name="API_greets_the_person"/>
  </testsuite>
  <testsuite name="hello" timestamp="2024-03-08T16:05:29Z" hostname="71c01fde92e3" tests="1" skipped="0" failures="0" errors="0" time="0.083">
    <testcase time="0.0830000000000002" classname="hello" name="hello_greets_the_entity"/>
  </testsuite>
  <testsuite name="shiny" timestamp="2024-03-08T16:05:29Z" hostname="71c01fde92e3" tests="1" skipped="0" failures="0" errors="0" time="2.687">
    <testcase time="2.687" classname="shiny" name="The_Shiny_App_returns_a_proper_greeting"/>
  </testsuite>
</testsuites>
