<?xml version="1.0" encoding="UTF-8"?>
<testsuites>
  <testsuite name="api" timestamp="2024-03-07T09:27:15Z" hostname="f6f3a9d2c9df" tests="1" skipped="0" failures="0" errors="0" time="3.982">
    <testcase time="3.982" classname="api" name="API_greets_the_person"/>
  </testsuite>
  <testsuite name="hello" timestamp="2024-03-07T09:27:20Z" hostname="f6f3a9d2c9df" tests="1" skipped="0" failures="0" errors="0" time="0.082">
    <testcase time="0.0819999999999999" classname="hello" name="hello_greets_the_entity"/>
  </testsuite>
  <testsuite name="shiny" timestamp="2024-03-07T09:27:20Z" hostname="f6f3a9d2c9df" tests="1" skipped="0" failures="0" errors="0" time="2.636">
    <testcase time="2.636" classname="shiny" name="The_Shiny_App_returns_a_proper_greeting"/>
  </testsuite>
</testsuites>
