<?xml version="1.0" encoding="UTF-8"?>
<testsuites>
  <testsuite name="api" timestamp="2024-11-07T12:16:35Z" hostname="7f0ed331a66f" tests="1" skipped="0" failures="0" errors="0" time="3.982">
    <testcase time="3.982" classname="api" name="API_greets_the_person"/>
  </testsuite>
  <testsuite name="hello" timestamp="2024-11-07T12:16:39Z" hostname="7f0ed331a66f" tests="1" skipped="0" failures="0" errors="0" time="0.075">
    <testcase time="0.0749999999999993" classname="hello" name="hello_greets_the_entity"/>
  </testsuite>
  <testsuite name="shiny" timestamp="2024-11-07T12:16:39Z" hostname="7f0ed331a66f" tests="1" skipped="0" failures="0" errors="0" time="2.434">
    <testcase time="2.434" classname="shiny" name="The_Shiny_App_returns_a_proper_greeting"/>
  </testsuite>
</testsuites>
