<?xml version="1.0" encoding="UTF-8"?>
<testsuites>
  <testsuite name="api" timestamp="2023-02-06T10:39:29Z" hostname="96c5eee2bc7a" tests="1" skipped="0" failures="0" errors="0" time="4.162">
    <testcase time="4.162" classname="api" name="API_greets_the_person"/>
  </testsuite>
  <testsuite name="hello" timestamp="2023-02-06T10:39:34Z" hostname="96c5eee2bc7a" tests="1" skipped="0" failures="0" errors="0" time="0.105">
    <testcase time="0.105" classname="hello" name="hello_greets_the_entity"/>
  </testsuite>
  <testsuite name="shiny" timestamp="2023-02-06T10:39:34Z" hostname="96c5eee2bc7a" tests="1" skipped="0" failures="0" errors="0" time="3.473">
    <testcase time="3.473" classname="shiny" name="The_Shiny_App_returns_a_proper_greeting"/>
  </testsuite>
</testsuites>
