<?xml version="1.0" encoding="UTF-8"?>
<testsuites>
  <testsuite name="api" timestamp="2023-02-06T10:28:43Z" hostname="3ca7cf42f601" tests="1" skipped="0" failures="0" errors="0" time="3.933">
    <testcase time="3.933" classname="api" name="API_greets_the_person"/>
  </testsuite>
  <testsuite name="hello" timestamp="2023-02-06T10:28:47Z" hostname="3ca7cf42f601" tests="1" skipped="0" failures="0" errors="0" time="0.085">
    <testcase time="0.085" classname="hello" name="hello_greets_the_entity"/>
  </testsuite>
  <testsuite name="shiny" timestamp="2023-02-06T10:28:47Z" hostname="3ca7cf42f601" tests="1" skipped="0" failures="0" errors="0" time="3.105">
    <testcase time="3.105" classname="shiny" name="The_Shiny_App_returns_a_proper_greeting"/>
  </testsuite>
</testsuites>
