<?xml version="1.0" encoding="UTF-8"?>
<testsuites>
  <testsuite name="api" timestamp="2023-02-06T14:26:40Z" hostname="01159005542f" tests="1" skipped="0" failures="0" errors="0" time="3.949">
    <testcase time="3.949" classname="api" name="API_greets_the_person"/>
  </testsuite>
  <testsuite name="hello" timestamp="2023-02-06T14:26:44Z" hostname="01159005542f" tests="1" skipped="0" failures="0" errors="0" time="0.086">
    <testcase time="0.0860000000000003" classname="hello" name="hello_greets_the_entity"/>
  </testsuite>
  <testsuite name="shiny" timestamp="2023-02-06T14:26:44Z" hostname="01159005542f" tests="1" skipped="0" failures="0" errors="0" time="3.093">
    <testcase time="3.093" classname="shiny" name="The_Shiny_App_returns_a_proper_greeting"/>
  </testsuite>
</testsuites>
