<?xml version="1.0" encoding="UTF-8"?>
<testsuites>
  <testsuite name="api" timestamp="2023-02-06T10:32:32Z" hostname="82745f99a38e" tests="1" skipped="0" failures="0" errors="0" time="3.912">
    <testcase time="3.912" classname="api" name="API_greets_the_person"/>
  </testsuite>
  <testsuite name="hello" timestamp="2023-02-06T10:32:36Z" hostname="82745f99a38e" tests="1" skipped="0" failures="0" errors="0" time="0.085">
    <testcase time="0.085" classname="hello" name="hello_greets_the_entity"/>
  </testsuite>
  <testsuite name="shiny" timestamp="2023-02-06T10:32:36Z" hostname="82745f99a38e" tests="1" skipped="0" failures="0" errors="0" time="3.36">
    <testcase time="3.36" classname="shiny" name="The_Shiny_App_returns_a_proper_greeting"/>
  </testsuite>
</testsuites>
