<?xml version="1.0" encoding="UTF-8"?>
<testsuites>
  <testsuite name="api" timestamp="2024-11-12T12:04:40Z" hostname="9361e16ee01a" tests="1" skipped="0" failures="0" errors="0" time="4.012">
    <testcase time="4.012" classname="api" name="API_greets_the_person"/>
  </testsuite>
  <testsuite name="hello" timestamp="2024-11-12T12:04:44Z" hostname="9361e16ee01a" tests="1" skipped="0" failures="0" errors="0" time="0.077">
    <testcase time="0.077" classname="hello" name="hello_greets_the_entity"/>
  </testsuite>
  <testsuite name="shiny" timestamp="2024-11-12T12:04:45Z" hostname="9361e16ee01a" tests="1" skipped="0" failures="0" errors="0" time="2.463">
    <testcase time="2.463" classname="shiny" name="The_Shiny_App_returns_a_proper_greeting"/>
  </testsuite>
</testsuites>
