<?xml version="1.0" encoding="UTF-8"?>
<testsuites>
  <testsuite name="api" timestamp="2024-11-04T10:56:03Z" hostname="782698e4918a" tests="1" skipped="0" failures="0" errors="0" time="4.003">
    <testcase time="4.003" classname="api" name="API_greets_the_person"/>
  </testsuite>
  <testsuite name="hello" timestamp="2024-11-04T10:56:07Z" hostname="782698e4918a" tests="1" skipped="0" failures="0" errors="0" time="0.076">
    <testcase time="0.0760000000000005" classname="hello" name="hello_greets_the_entity"/>
  </testsuite>
  <testsuite name="shiny" timestamp="2024-11-04T10:56:07Z" hostname="782698e4918a" tests="1" skipped="0" failures="0" errors="0" time="2.405">
    <testcase time="2.405" classname="shiny" name="The_Shiny_App_returns_a_proper_greeting"/>
  </testsuite>
</testsuites>
