<?xml version="1.0" encoding="UTF-8"?>
<testsuites>
  <testsuite name="api" timestamp="2023-11-06T17:09:43Z" hostname="d2e748391803" tests="1" skipped="0" failures="0" errors="0" time="3.997">
    <testcase time="3.997" classname="api" name="API_greets_the_person"/>
  </testsuite>
  <testsuite name="hello" timestamp="2023-11-06T17:09:47Z" hostname="d2e748391803" tests="1" skipped="0" failures="0" errors="0" time="0.078">
    <testcase time="0.0779999999999994" classname="hello" name="hello_greets_the_entity"/>
  </testsuite>
  <testsuite name="shiny" timestamp="2023-11-06T17:09:47Z" hostname="d2e748391803" tests="1" skipped="0" failures="0" errors="0" time="2.728">
    <testcase time="2.728" classname="shiny" name="The_Shiny_App_returns_a_proper_greeting"/>
  </testsuite>
</testsuites>
