<?xml version="1.0" encoding="UTF-8"?>
<testsuites>
  <testsuite name="api" timestamp="2023-07-03T14:03:58Z" hostname="7b053a99bf69" tests="1" skipped="0" failures="0" errors="0" time="3.963">
    <testcase time="3.963" classname="api" name="API_greets_the_person"/>
  </testsuite>
  <testsuite name="hello" timestamp="2023-07-03T14:04:02Z" hostname="7b053a99bf69" tests="1" skipped="0" failures="0" errors="0" time="0.091">
    <testcase time="0.0910000000000002" classname="hello" name="hello_greets_the_entity"/>
  </testsuite>
  <testsuite name="shiny" timestamp="2023-07-03T14:04:02Z" hostname="7b053a99bf69" tests="1" skipped="0" failures="0" errors="0" time="2.986">
    <testcase time="2.986" classname="shiny" name="The_Shiny_App_returns_a_proper_greeting"/>
  </testsuite>
</testsuites>
