<?xml version="1.0" encoding="UTF-8"?>
<testsuites>
  <testsuite name="api" timestamp="2023-07-03T14:00:50Z" hostname="e2b2062359f1" tests="1" skipped="0" failures="0" errors="0" time="3.965">
    <testcase time="3.965" classname="api" name="API_greets_the_person"/>
  </testsuite>
  <testsuite name="hello" timestamp="2023-07-03T14:00:54Z" hostname="e2b2062359f1" tests="1" skipped="0" failures="0" errors="0" time="0.093">
    <testcase time="0.093" classname="hello" name="hello_greets_the_entity"/>
  </testsuite>
  <testsuite name="shiny" timestamp="2023-07-03T14:00:54Z" hostname="e2b2062359f1" tests="1" skipped="0" failures="0" errors="0" time="2.916">
    <testcase time="2.916" classname="shiny" name="The_Shiny_App_returns_a_proper_greeting"/>
  </testsuite>
</testsuites>
