<?xml version="1.0" encoding="UTF-8"?>
<testsuites>
  <testsuite name="api" timestamp="2023-07-03T14:09:09Z" hostname="efc4e2fba5dd" tests="1" skipped="0" failures="0" errors="0" time="4.15">
    <testcase time="4.15" classname="api" name="API_greets_the_person"/>
  </testsuite>
  <testsuite name="hello" timestamp="2023-07-03T14:09:13Z" hostname="efc4e2fba5dd" tests="1" skipped="0" failures="0" errors="0" time="0.109">
    <testcase time="0.109" classname="hello" name="hello_greets_the_entity"/>
  </testsuite>
  <testsuite name="shiny" timestamp="2023-07-03T14:09:13Z" hostname="efc4e2fba5dd" tests="1" skipped="0" failures="0" errors="0" time="3.428">
    <testcase time="3.428" classname="shiny" name="The_Shiny_App_returns_a_proper_greeting"/>
  </testsuite>
</testsuites>
