<?xml version="1.0" encoding="UTF-8"?>
<testsuites>
  <testsuite name="api" timestamp="2024-06-04T15:31:04Z" hostname="c79aa12a3a98" tests="1" skipped="0" failures="0" errors="0" time="4.049">
    <testcase time="4.049" classname="api" name="API_greets_the_person"/>
  </testsuite>
  <testsuite name="hello" timestamp="2024-06-04T15:31:08Z" hostname="c79aa12a3a98" tests="1" skipped="0" failures="0" errors="0" time="0.08">
    <testcase time="0.0800000000000001" classname="hello" name="hello_greets_the_entity"/>
  </testsuite>
  <testsuite name="shiny" timestamp="2024-06-04T15:31:08Z" hostname="c79aa12a3a98" tests="1" skipped="0" failures="0" errors="0" time="2.416">
    <testcase time="2.416" classname="shiny" name="The_Shiny_App_returns_a_proper_greeting"/>
  </testsuite>
</testsuites>
