<?xml version="1.0" encoding="UTF-8"?>
<testsuites>
  <testsuite name="api" timestamp="2023-03-03T03:39:15Z" hostname="ff1fe060e0b4" tests="1" skipped="0" failures="0" errors="0" time="4.379">
    <testcase time="4.379" classname="api" name="API_greets_the_person"/>
  </testsuite>
  <testsuite name="hello" timestamp="2023-03-03T03:39:19Z" hostname="ff1fe060e0b4" tests="1" skipped="0" failures="0" errors="0" time="0.126">
    <testcase time="0.126" classname="hello" name="hello_greets_the_entity"/>
  </testsuite>
  <testsuite name="shiny" timestamp="2023-03-03T03:39:19Z" hostname="ff1fe060e0b4" tests="1" skipped="0" failures="0" errors="0" time="3.843">
    <testcase time="3.843" classname="shiny" name="The_Shiny_App_returns_a_proper_greeting"/>
  </testsuite>
</testsuites>
