<?xml version="1.0" encoding="UTF-8"?>
<testsuites>
  <testsuite name="api" timestamp="2023-03-03T03:44:20Z" hostname="0c17acf0058c" tests="1" skipped="0" failures="0" errors="0" time="4.35">
    <testcase time="4.35" classname="api" name="API_greets_the_person"/>
  </testsuite>
  <testsuite name="hello" timestamp="2023-03-03T03:44:25Z" hostname="0c17acf0058c" tests="1" skipped="0" failures="0" errors="0" time="0.127">
    <testcase time="0.127000000000001" classname="hello" name="hello_greets_the_entity"/>
  </testsuite>
  <testsuite name="shiny" timestamp="2023-03-03T03:44:25Z" hostname="0c17acf0058c" tests="1" skipped="0" failures="0" errors="0" time="3.424">
    <testcase time="3.424" classname="shiny" name="The_Shiny_App_returns_a_proper_greeting"/>
  </testsuite>
</testsuites>
