<?xml version="1.0" encoding="UTF-8"?>
<testsuites>
  <testsuite name="api" timestamp="2023-03-01T10:21:16Z" hostname="185cdc4d8b22" tests="1" skipped="0" failures="0" errors="0" time="3.923">
    <testcase time="3.923" classname="api" name="API_greets_the_person"/>
  </testsuite>
  <testsuite name="hello" timestamp="2023-03-01T10:21:20Z" hostname="185cdc4d8b22" tests="1" skipped="0" failures="0" errors="0" time="0.083">
    <testcase time="0.0829999999999993" classname="hello" name="hello_greets_the_entity"/>
  </testsuite>
  <testsuite name="shiny" timestamp="2023-03-01T10:21:20Z" hostname="185cdc4d8b22" tests="1" skipped="0" failures="0" errors="0" time="3.277">
    <testcase time="3.277" classname="shiny" name="The_Shiny_App_returns_a_proper_greeting"/>
  </testsuite>
</testsuites>
