<?xml version="1.0" encoding="UTF-8"?>
<testsuites>
  <testsuite name="api" timestamp="2025-01-31T09:52:21Z" hostname="c18d2c752736" tests="1" skipped="0" failures="0" errors="0" time="3.965">
    <testcase time="3.965" classname="api" name="API_greets_the_person"/>
  </testsuite>
  <testsuite name="hello" timestamp="2025-01-31T09:52:24Z" hostname="c18d2c752736" tests="1" skipped="0" failures="0" errors="0" time="0.076">
    <testcase time="0.0759999999999996" classname="hello" name="hello_greets_the_entity"/>
  </testsuite>
  <testsuite name="shiny" timestamp="2025-01-31T09:52:25Z" hostname="c18d2c752736" tests="1" skipped="0" failures="0" errors="0" time="2.371">
    <testcase time="2.371" classname="shiny" name="The_Shiny_App_returns_a_proper_greeting"/>
  </testsuite>
</testsuites>
