<?xml version="1.0" encoding="UTF-8"?>
<testsuites>
  <testsuite name="api" timestamp="2025-01-29T15:38:51Z" hostname="9f4d40a65f01" tests="1" skipped="0" failures="0" errors="0" time="4.004">
    <testcase time="4.004" classname="api" name="API_greets_the_person"/>
  </testsuite>
  <testsuite name="hello" timestamp="2025-01-29T15:38:55Z" hostname="9f4d40a65f01" tests="1" skipped="0" failures="0" errors="0" time="0.078">
    <testcase time="0.0779999999999994" classname="hello" name="hello_greets_the_entity"/>
  </testsuite>
  <testsuite name="shiny" timestamp="2025-01-29T15:38:55Z" hostname="9f4d40a65f01" tests="1" skipped="0" failures="0" errors="0" time="2.442">
    <testcase time="2.442" classname="shiny" name="The_Shiny_App_returns_a_proper_greeting"/>
  </testsuite>
</testsuites>
