<?xml version="1.0" encoding="UTF-8"?>
<testsuites>
  <testsuite name="api" timestamp="2025-01-30T08:09:52Z" hostname="58260ebc982d" tests="1" skipped="0" failures="0" errors="0" time="3.993">
    <testcase time="3.993" classname="api" name="API_greets_the_person"/>
  </testsuite>
  <testsuite name="hello" timestamp="2025-01-30T08:09:56Z" hostname="58260ebc982d" tests="1" skipped="0" failures="0" errors="0" time="0.079">
    <testcase time="0.0789999999999997" classname="hello" name="hello_greets_the_entity"/>
  </testsuite>
  <testsuite name="shiny" timestamp="2025-01-30T08:09:56Z" hostname="58260ebc982d" tests="1" skipped="0" failures="0" errors="0" time="2.396">
    <testcase time="2.396" classname="shiny" name="The_Shiny_App_returns_a_proper_greeting"/>
  </testsuite>
</testsuites>
