<?xml version="1.0" encoding="UTF-8"?>
<testsuites>
  <testsuite name="api" timestamp="2024-01-24T14:50:17Z" hostname="a5a6a4dbfc9b" tests="1" skipped="0" failures="0" errors="0" time="4.015">
    <testcase time="4.015" classname="api" name="API_greets_the_person"/>
  </testsuite>
  <testsuite name="hello" timestamp="2024-01-24T14:50:21Z" hostname="a5a6a4dbfc9b" tests="1" skipped="0" failures="0" errors="0" time="0.079">
    <testcase time="0.0789999999999997" classname="hello" name="hello_greets_the_entity"/>
  </testsuite>
  <testsuite name="shiny" timestamp="2024-01-24T14:50:21Z" hostname="a5a6a4dbfc9b" tests="1" skipped="0" failures="0" errors="0" time="2.624">
    <testcase time="2.624" classname="shiny" name="The_Shiny_App_returns_a_proper_greeting"/>
  </testsuite>
</testsuites>
