<?xml version="1.0" encoding="UTF-8"?>
<testsuites>
  <testsuite name="api" timestamp="2024-01-24T14:57:15Z" hostname="a38a919880e8" tests="1" skipped="0" failures="0" errors="0" time="4.119">
    <testcase time="4.119" classname="api" name="API_greets_the_person"/>
  </testsuite>
  <testsuite name="hello" timestamp="2024-01-24T14:57:19Z" hostname="a38a919880e8" tests="1" skipped="0" failures="0" errors="0" time="0.083">
    <testcase time="0.0829999999999993" classname="hello" name="hello_greets_the_entity"/>
  </testsuite>
  <testsuite name="shiny" timestamp="2024-01-24T14:57:19Z" hostname="a38a919880e8" tests="1" skipped="0" failures="0" errors="0" time="2.696">
    <testcase time="2.696" classname="shiny" name="The_Shiny_App_returns_a_proper_greeting"/>
  </testsuite>
</testsuites>
