<?xml version="1.0" encoding="UTF-8"?>
<testsuites>
  <testsuite name="api" timestamp="2024-10-02T12:38:55Z" hostname="6ed735f455fa" tests="1" skipped="0" failures="0" errors="0" time="4.027">
    <testcase time="4.027" classname="api" name="API_greets_the_person"/>
  </testsuite>
  <testsuite name="hello" timestamp="2024-10-02T12:38:59Z" hostname="6ed735f455fa" tests="1" skipped="0" failures="0" errors="0" time="0.08">
    <testcase time="0.0800000000000001" classname="hello" name="hello_greets_the_entity"/>
  </testsuite>
  <testsuite name="shiny" timestamp="2024-10-02T12:38:59Z" hostname="6ed735f455fa" tests="1" skipped="0" failures="0" errors="0" time="2.447">
    <testcase time="2.447" classname="shiny" name="The_Shiny_App_returns_a_proper_greeting"/>
  </testsuite>
</testsuites>
