<?xml version="1.0" encoding="UTF-8"?>
<testsuites>
  <testsuite name="api" timestamp="2024-06-25T13:12:26Z" hostname="42ced59fb690" tests="1" skipped="0" failures="0" errors="0" time="4.066">
    <testcase time="4.066" classname="api" name="API_greets_the_person"/>
  </testsuite>
  <testsuite name="hello" timestamp="2024-06-25T13:12:31Z" hostname="42ced59fb690" tests="1" skipped="0" failures="0" errors="0" time="0.079">
    <testcase time="0.0789999999999997" classname="hello" name="hello_greets_the_entity"/>
  </testsuite>
  <testsuite name="shiny" timestamp="2024-06-25T13:12:31Z" hostname="42ced59fb690" tests="1" skipped="0" failures="0" errors="0" time="2.445">
    <testcase time="2.445" classname="shiny" name="The_Shiny_App_returns_a_proper_greeting"/>
  </testsuite>
</testsuites>
