<?xml version="1.0" encoding="UTF-8"?>
<testsuites>
  <testsuite name="api" timestamp="2024-07-02T10:31:48Z" hostname="35d2b4202f0c" tests="1" skipped="0" failures="0" errors="0" time="4.063">
    <testcase time="4.063" classname="api" name="API_greets_the_person"/>
  </testsuite>
  <testsuite name="hello" timestamp="2024-07-02T10:31:52Z" hostname="35d2b4202f0c" tests="1" skipped="0" failures="0" errors="0" time="0.084">
    <testcase time="0.0840000000000005" classname="hello" name="hello_greets_the_entity"/>
  </testsuite>
  <testsuite name="shiny" timestamp="2024-07-02T10:31:52Z" hostname="35d2b4202f0c" tests="1" skipped="1" failures="0" errors="0" time="10.277">
    <testcase time="10.277" classname="shiny" name="The_Shiny_App_returns_a_proper_greeting">
      <skipped message="Reason: `shinytest2::AppDriver` can not be initialized as {chromote} can not be started ('test-shiny.R:3:3')"/>
    </testcase>
  </testsuite>
</testsuites>
