<?xml version="1.0" encoding="UTF-8"?>
<testsuites>
  <testsuite name="api" timestamp="2024-07-02T10:53:46Z" hostname="1361b8794e7a" tests="1" skipped="0" failures="0" errors="0" time="4.042">
    <testcase time="4.042" classname="api" name="API_greets_the_person"/>
  </testsuite>
  <testsuite name="hello" timestamp="2024-07-02T10:53:50Z" hostname="1361b8794e7a" tests="1" skipped="0" failures="0" errors="0" time="0.08">
    <testcase time="0.0800000000000001" classname="hello" name="hello_greets_the_entity"/>
  </testsuite>
  <testsuite name="shiny" timestamp="2024-07-02T10:53:51Z" hostname="1361b8794e7a" tests="1" skipped="0" failures="0" errors="0" time="2.504">
    <testcase time="2.504" classname="shiny" name="The_Shiny_App_returns_a_proper_greeting"/>
  </testsuite>
</testsuites>
