<?xml version="1.0" encoding="UTF-8"?>
<testsuites>
  <testsuite name="api" timestamp="2023-11-20T15:07:21Z" hostname="df5e8648af73" tests="1" skipped="0" failures="0" errors="0" time="4.037">
    <testcase time="4.037" classname="api" name="API_greets_the_person"/>
  </testsuite>
  <testsuite name="hello" timestamp="2023-11-20T15:07:25Z" hostname="df5e8648af73" tests="1" skipped="0" failures="0" errors="0" time="0.08">
    <testcase time="0.0800000000000001" classname="hello" name="hello_greets_the_entity"/>
  </testsuite>
  <testsuite name="shiny" timestamp="2023-11-20T15:07:25Z" hostname="df5e8648af73" tests="1" skipped="0" failures="0" errors="0" time="2.861">
    <testcase time="2.861" classname="shiny" name="The_Shiny_App_returns_a_proper_greeting"/>
  </testsuite>
</testsuites>
