<?xml version="1.0" encoding="UTF-8"?>
<testsuites>
  <testsuite name="api" timestamp="2023-11-20T14:57:36Z" hostname="8182c898f776" tests="1" skipped="0" failures="0" errors="0" time="4.134">
    <testcase time="4.134" classname="api" name="API_greets_the_person"/>
  </testsuite>
  <testsuite name="hello" timestamp="2023-11-20T14:57:40Z" hostname="8182c898f776" tests="1" skipped="0" failures="0" errors="0" time="0.084">
    <testcase time="0.0839999999999996" classname="hello" name="hello_greets_the_entity"/>
  </testsuite>
  <testsuite name="shiny" timestamp="2023-11-20T14:57:40Z" hostname="8182c898f776" tests="1" skipped="0" failures="0" errors="0" time="2.705">
    <testcase time="2.705" classname="shiny" name="The_Shiny_App_returns_a_proper_greeting"/>
  </testsuite>
</testsuites>
