<?xml version="1.0" encoding="UTF-8"?>
<testsuites>
  <testsuite name="api" timestamp="2025-01-08T15:40:52Z" hostname="90beff324a4c" tests="1" skipped="0" failures="0" errors="0" time="3.987">
    <testcase time="3.987" classname="api" name="API_greets_the_person"/>
  </testsuite>
  <testsuite name="hello" timestamp="2025-01-08T15:40:56Z" hostname="90beff324a4c" tests="1" skipped="0" failures="0" errors="0" time="0.078">
    <testcase time="0.0779999999999994" classname="hello" name="hello_greets_the_entity"/>
  </testsuite>
  <testsuite name="shiny" timestamp="2025-01-08T15:40:56Z" hostname="90beff324a4c" tests="1" skipped="0" failures="0" errors="0" time="2.451">
    <testcase time="2.451" classname="shiny" name="The_Shiny_App_returns_a_proper_greeting"/>
  </testsuite>
</testsuites>
