<?xml version="1.0" encoding="UTF-8"?>
<testsuites>
  <testsuite name="api" timestamp="2023-06-26T07:59:34Z" hostname="cfd5ae71ca63" tests="1" skipped="0" failures="0" errors="0" time="4.121">
    <testcase time="4.121" classname="api" name="API_greets_the_person"/>
  </testsuite>
  <testsuite name="hello" timestamp="2023-06-26T07:59:38Z" hostname="cfd5ae71ca63" tests="1" skipped="0" failures="0" errors="0" time="0.113">
    <testcase time="0.113" classname="hello" name="hello_greets_the_entity"/>
  </testsuite>
  <testsuite name="shiny" timestamp="2023-06-26T07:59:38Z" hostname="cfd5ae71ca63" tests="1" skipped="0" failures="0" errors="0" time="3.146">
    <testcase time="3.146" classname="shiny" name="The_Shiny_App_returns_a_proper_greeting"/>
  </testsuite>
</testsuites>
