<?xml version="1.0" encoding="UTF-8"?>
<testsuites>
  <testsuite name="api" timestamp="2023-11-14T16:27:53Z" hostname="6319a2799012" tests="1" skipped="0" failures="0" errors="0" time="4.006">
    <testcase time="4.006" classname="api" name="API_greets_the_person"/>
  </testsuite>
  <testsuite name="hello" timestamp="2023-11-14T16:27:57Z" hostname="6319a2799012" tests="1" skipped="0" failures="0" errors="0" time="0.082">
    <testcase time="0.0819999999999999" classname="hello" name="hello_greets_the_entity"/>
  </testsuite>
  <testsuite name="shiny" timestamp="2023-11-14T16:27:57Z" hostname="6319a2799012" tests="1" skipped="0" failures="0" errors="0" time="2.686">
    <testcase time="2.686" classname="shiny" name="The_Shiny_App_returns_a_proper_greeting"/>
  </testsuite>
</testsuites>
