<?xml version="1.0" encoding="UTF-8"?>
<testsuites>
  <testsuite name="api" timestamp="2023-04-24T20:16:14Z" hostname="2e946022d777" tests="1" skipped="0" failures="0" errors="0" time="4.158">
    <testcase time="4.158" classname="api" name="API_greets_the_person"/>
  </testsuite>
  <testsuite name="hello" timestamp="2023-04-24T20:16:19Z" hostname="2e946022d777" tests="1" skipped="0" failures="0" errors="0" time="0.104">
    <testcase time="0.104" classname="hello" name="hello_greets_the_entity"/>
  </testsuite>
  <testsuite name="shiny" timestamp="2023-04-24T20:16:19Z" hostname="2e946022d777" tests="1" skipped="0" failures="0" errors="0" time="3.396">
    <testcase time="3.396" classname="shiny" name="The_Shiny_App_returns_a_proper_greeting"/>
  </testsuite>
</testsuites>
