<?xml version="1.0" encoding="UTF-8"?>
<testsuites>
  <testsuite name="api" timestamp="2024-05-14T10:26:46Z" hostname="e845b02844f0" tests="1" skipped="0" failures="0" errors="0" time="3.961">
    <testcase time="3.961" classname="api" name="API_greets_the_person"/>
  </testsuite>
  <testsuite name="hello" timestamp="2024-05-14T10:26:50Z" hostname="e845b02844f0" tests="1" skipped="0" failures="0" errors="0" time="0.078">
    <testcase time="0.0779999999999994" classname="hello" name="hello_greets_the_entity"/>
  </testsuite>
  <testsuite name="shiny" timestamp="2024-05-14T10:26:50Z" hostname="e845b02844f0" tests="1" skipped="0" failures="0" errors="0" time="2.368">
    <testcase time="2.368" classname="shiny" name="The_Shiny_App_returns_a_proper_greeting"/>
  </testsuite>
</testsuites>
