<?xml version="1.0" encoding="UTF-8"?>
<testsuites>
  <testsuite name="api" timestamp="2024-05-14T10:15:26Z" hostname="d1ffa34d150e" tests="1" skipped="0" failures="0" errors="0" time="4.027">
    <testcase time="4.027" classname="api" name="API_greets_the_person"/>
  </testsuite>
  <testsuite name="hello" timestamp="2024-05-14T10:15:30Z" hostname="d1ffa34d150e" tests="1" skipped="0" failures="0" errors="0" time="0.081">
    <testcase time="0.0810000000000004" classname="hello" name="hello_greets_the_entity"/>
  </testsuite>
  <testsuite name="shiny" timestamp="2024-05-14T10:15:31Z" hostname="d1ffa34d150e" tests="1" skipped="0" failures="0" errors="0" time="2.474">
    <testcase time="2.474" classname="shiny" name="The_Shiny_App_returns_a_proper_greeting"/>
  </testsuite>
</testsuites>
