<?xml version="1.0" encoding="UTF-8"?>
<testsuites>
  <testsuite name="api" timestamp="2024-01-16T17:18:01Z" hostname="77015c20d3d8" tests="1" skipped="0" failures="0" errors="0" time="4.052">
    <testcase time="4.052" classname="api" name="API_greets_the_person"/>
  </testsuite>
  <testsuite name="hello" timestamp="2024-01-16T17:18:05Z" hostname="77015c20d3d8" tests="1" skipped="0" failures="0" errors="0" time="0.084">
    <testcase time="0.0840000000000005" classname="hello" name="hello_greets_the_entity"/>
  </testsuite>
  <testsuite name="shiny" timestamp="2024-01-16T17:18:05Z" hostname="77015c20d3d8" tests="1" skipped="0" failures="0" errors="0" time="2.707">
    <testcase time="2.707" classname="shiny" name="The_Shiny_App_returns_a_proper_greeting"/>
  </testsuite>
</testsuites>
