<?xml version="1.0" encoding="UTF-8"?>
<testsuites>
  <testsuite name="api" timestamp="2024-02-08T16:03:41Z" hostname="8d046fbef7e6" tests="1" skipped="0" failures="0" errors="0" time="4.023">
    <testcase time="4.023" classname="api" name="API_greets_the_person"/>
  </testsuite>
  <testsuite name="hello" timestamp="2024-02-08T16:03:45Z" hostname="8d046fbef7e6" tests="1" skipped="0" failures="0" errors="0" time="0.08">
    <testcase time="0.0800000000000001" classname="hello" name="hello_greets_the_entity"/>
  </testsuite>
  <testsuite name="shiny" timestamp="2024-02-08T16:03:45Z" hostname="8d046fbef7e6" tests="1" skipped="0" failures="0" errors="0" time="2.642">
    <testcase time="2.642" classname="shiny" name="The_Shiny_App_returns_a_proper_greeting"/>
  </testsuite>
</testsuites>
