<?xml version="1.0" encoding="UTF-8"?>
<testsuites>
  <testsuite name="api" timestamp="2024-02-08T14:49:10Z" hostname="ca4a5c22e2cf" tests="1" skipped="0" failures="0" errors="0" time="4.012">
    <testcase time="4.012" classname="api" name="API_greets_the_person"/>
  </testsuite>
  <testsuite name="hello" timestamp="2024-02-08T14:49:14Z" hostname="ca4a5c22e2cf" tests="1" skipped="0" failures="0" errors="0" time="0.079">
    <testcase time="0.0790000000000006" classname="hello" name="hello_greets_the_entity"/>
  </testsuite>
  <testsuite name="shiny" timestamp="2024-02-08T14:49:14Z" hostname="ca4a5c22e2cf" tests="1" skipped="0" failures="0" errors="0" time="2.721">
    <testcase time="2.721" classname="shiny" name="The_Shiny_App_returns_a_proper_greeting"/>
  </testsuite>
</testsuites>
