<?xml version="1.0" encoding="UTF-8"?>
<testsuites>
  <testsuite name="api" timestamp="2023-04-14T17:24:05Z" hostname="0f0dd2e9b3d7" tests="1" skipped="0" failures="0" errors="0" time="4.026">
    <testcase time="4.026" classname="api" name="API_greets_the_person"/>
  </testsuite>
  <testsuite name="hello" timestamp="2023-04-14T17:24:09Z" hostname="0f0dd2e9b3d7" tests="1" skipped="0" failures="0" errors="0" time="0.094">
    <testcase time="0.0940000000000003" classname="hello" name="hello_greets_the_entity"/>
  </testsuite>
  <testsuite name="shiny" timestamp="2023-04-14T17:24:09Z" hostname="0f0dd2e9b3d7" tests="1" skipped="0" failures="0" errors="0" time="3.03">
    <testcase time="3.03" classname="shiny" name="The_Shiny_App_returns_a_proper_greeting"/>
  </testsuite>
</testsuites>
