<?xml version="1.0" encoding="UTF-8"?>
<testsuites>
  <testsuite name="api" timestamp="2023-04-14T14:27:55Z" hostname="84146b9c7070" tests="1" skipped="0" failures="0" errors="0" time="4.011">
    <testcase time="4.011" classname="api" name="API_greets_the_person"/>
  </testsuite>
  <testsuite name="hello" timestamp="2023-04-14T14:27:59Z" hostname="84146b9c7070" tests="1" skipped="0" failures="0" errors="0" time="0.091">
    <testcase time="0.0910000000000002" classname="hello" name="hello_greets_the_entity"/>
  </testsuite>
  <testsuite name="shiny" timestamp="2023-04-14T14:27:59Z" hostname="84146b9c7070" tests="1" skipped="0" failures="0" errors="0" time="3.511">
    <testcase time="3.511" classname="shiny" name="The_Shiny_App_returns_a_proper_greeting"/>
  </testsuite>
</testsuites>
