<?xml version="1.0" encoding="UTF-8"?>
<testsuites>
  <testsuite name="api" timestamp="2023-04-17T07:06:22Z" hostname="261a1fbfcf57" tests="1" skipped="0" failures="0" errors="0" time="4.064">
    <testcase time="4.064" classname="api" name="API_greets_the_person"/>
  </testsuite>
  <testsuite name="hello" timestamp="2023-04-17T07:06:26Z" hostname="261a1fbfcf57" tests="1" skipped="0" failures="0" errors="0" time="0.097">
    <testcase time="0.0969999999999995" classname="hello" name="hello_greets_the_entity"/>
  </testsuite>
  <testsuite name="shiny" timestamp="2023-04-17T07:06:26Z" hostname="261a1fbfcf57" tests="1" skipped="0" failures="0" errors="0" time="3.386">
    <testcase time="3.386" classname="shiny" name="The_Shiny_App_returns_a_proper_greeting"/>
  </testsuite>
</testsuites>
