<?xml version="1.0" encoding="UTF-8"?>
<testsuites>
  <testsuite name="api" timestamp="2023-04-14T17:18:20Z" hostname="d1e1498b0440" tests="1" skipped="0" failures="0" errors="0" time="4.081">
    <testcase time="4.081" classname="api" name="API_greets_the_person"/>
  </testsuite>
  <testsuite name="hello" timestamp="2023-04-14T17:18:24Z" hostname="d1e1498b0440" tests="1" skipped="0" failures="0" errors="0" time="0.099">
    <testcase time="0.0989999999999993" classname="hello" name="hello_greets_the_entity"/>
  </testsuite>
  <testsuite name="shiny" timestamp="2023-04-14T17:18:24Z" hostname="d1e1498b0440" tests="1" skipped="0" failures="0" errors="0" time="3.098">
    <testcase time="3.098" classname="shiny" name="The_Shiny_App_returns_a_proper_greeting"/>
  </testsuite>
</testsuites>
