<?xml version="1.0" encoding="UTF-8"?>
<testsuites>
  <testsuite name="api" timestamp="2024-02-22T16:55:18Z" hostname="c1b1497cab80" tests="1" skipped="0" failures="0" errors="0" time="4.054">
    <testcase time="4.054" classname="api" name="API_greets_the_person"/>
  </testsuite>
  <testsuite name="hello" timestamp="2024-02-22T16:55:22Z" hostname="c1b1497cab80" tests="1" skipped="0" failures="0" errors="0" time="0.082">
    <testcase time="0.0819999999999999" classname="hello" name="hello_greets_the_entity"/>
  </testsuite>
  <testsuite name="shiny" timestamp="2024-02-22T16:55:22Z" hostname="c1b1497cab80" tests="1" skipped="0" failures="0" errors="0" time="2.695">
    <testcase time="2.695" classname="shiny" name="The_Shiny_App_returns_a_proper_greeting"/>
  </testsuite>
</testsuites>
