<?xml version="1.0" encoding="UTF-8"?>
<testsuites>
  <testsuite name="api" timestamp="2024-06-05T15:37:22Z" hostname="bebdf3289dfe" tests="1" skipped="0" failures="0" errors="0" time="4.014">
    <testcase time="4.014" classname="api" name="API_greets_the_person"/>
  </testsuite>
  <testsuite name="hello" timestamp="2024-06-05T15:37:26Z" hostname="bebdf3289dfe" tests="1" skipped="0" failures="0" errors="0" time="0.078">
    <testcase time="0.0780000000000003" classname="hello" name="hello_greets_the_entity"/>
  </testsuite>
  <testsuite name="shiny" timestamp="2024-06-05T15:37:26Z" hostname="bebdf3289dfe" tests="1" skipped="0" failures="0" errors="0" time="2.391">
    <testcase time="2.391" classname="shiny" name="The_Shiny_App_returns_a_proper_greeting"/>
  </testsuite>
</testsuites>
