<?xml version="1.0" encoding="UTF-8"?>
<testsuites>
  <testsuite name="api" timestamp="2023-09-26T08:08:09Z" hostname="49dd7e4b868f" tests="1" skipped="0" failures="0" errors="0" time="4.079">
    <testcase time="4.079" classname="api" name="API_greets_the_person"/>
  </testsuite>
  <testsuite name="hello" timestamp="2023-09-26T08:08:13Z" hostname="49dd7e4b868f" tests="1" skipped="0" failures="0" errors="0" time="0.107">
    <testcase time="0.106999999999999" classname="hello" name="hello_greets_the_entity"/>
  </testsuite>
  <testsuite name="shiny" timestamp="2023-09-26T08:08:13Z" hostname="49dd7e4b868f" tests="1" skipped="0" failures="0" errors="0" time="3.323">
    <testcase time="3.323" classname="shiny" name="The_Shiny_App_returns_a_proper_greeting"/>
  </testsuite>
</testsuites>
