<?xml version="1.0" encoding="UTF-8"?>
<testsuites>
  <testsuite name="api" timestamp="2023-05-03T17:22:50Z" hostname="4a8cc80dc139" tests="1" skipped="0" failures="0" errors="0" time="4.081">
    <testcase time="4.081" classname="api" name="API_greets_the_person"/>
  </testsuite>
  <testsuite name="hello" timestamp="2023-05-03T17:22:54Z" hostname="4a8cc80dc139" tests="1" skipped="0" failures="0" errors="0" time="0.095">
    <testcase time="0.0949999999999998" classname="hello" name="hello_greets_the_entity"/>
  </testsuite>
  <testsuite name="shiny" timestamp="2023-05-03T17:22:54Z" hostname="4a8cc80dc139" tests="1" skipped="0" failures="0" errors="0" time="3.169">
    <testcase time="3.169" classname="shiny" name="The_Shiny_App_returns_a_proper_greeting"/>
  </testsuite>
</testsuites>
