<?xml version="1.0" encoding="UTF-8"?>
<testsuites>
  <testsuite name="api" timestamp="2023-07-28T13:16:05Z" hostname="8355fe97be7d" tests="1" skipped="0" failures="0" errors="0" time="4.22">
    <testcase time="4.22" classname="api" name="API_greets_the_person"/>
  </testsuite>
  <testsuite name="hello" timestamp="2023-07-28T13:16:09Z" hostname="8355fe97be7d" tests="1" skipped="0" failures="0" errors="0" time="0.127">
    <testcase time="0.127" classname="hello" name="hello_greets_the_entity"/>
  </testsuite>
  <testsuite name="shiny" timestamp="2023-07-28T13:16:10Z" hostname="8355fe97be7d" tests="1" skipped="0" failures="0" errors="0" time="3.387">
    <testcase time="3.387" classname="shiny" name="The_Shiny_App_returns_a_proper_greeting"/>
  </testsuite>
</testsuites>
