<?xml version="1.0" encoding="UTF-8"?>
<testsuites>
  <testsuite name="api" timestamp="2024-02-23T15:07:37Z" hostname="905f5072b384" tests="1" skipped="0" failures="0" errors="0" time="4.016">
    <testcase time="4.016" classname="api" name="API_greets_the_person"/>
  </testsuite>
  <testsuite name="hello" timestamp="2024-02-23T15:07:41Z" hostname="905f5072b384" tests="1" skipped="0" failures="0" errors="0" time="0.083">
    <testcase time="0.0829999999999993" classname="hello" name="hello_greets_the_entity"/>
  </testsuite>
  <testsuite name="shiny" timestamp="2024-02-23T15:07:41Z" hostname="905f5072b384" tests="1" skipped="0" failures="0" errors="0" time="2.924">
    <testcase time="2.924" classname="shiny" name="The_Shiny_App_returns_a_proper_greeting"/>
  </testsuite>
</testsuites>
