<?xml version="1.0" encoding="UTF-8"?>
<testsuites>
  <testsuite name="api" timestamp="2024-08-14T12:36:10Z" hostname="77c2322b0aa3" tests="1" skipped="0" failures="0" errors="0" time="3.969">
    <testcase time="3.969" classname="api" name="API_greets_the_person"/>
  </testsuite>
  <testsuite name="hello" timestamp="2024-08-14T12:36:14Z" hostname="77c2322b0aa3" tests="1" skipped="0" failures="0" errors="0" time="0.075">
    <testcase time="0.0750000000000002" classname="hello" name="hello_greets_the_entity"/>
  </testsuite>
  <testsuite name="shiny" timestamp="2024-08-14T12:36:14Z" hostname="77c2322b0aa3" tests="1" skipped="0" failures="0" errors="0" time="2.417">
    <testcase time="2.417" classname="shiny" name="The_Shiny_App_returns_a_proper_greeting"/>
  </testsuite>
</testsuites>
