<?xml version="1.0" encoding="UTF-8"?>
<testsuites>
  <testsuite name="api" timestamp="2023-08-18T10:41:18Z" hostname="29a437bb3444" tests="1" skipped="0" failures="0" errors="0" time="4.086">
    <testcase time="4.086" classname="api" name="API_greets_the_person"/>
  </testsuite>
  <testsuite name="hello" timestamp="2023-08-18T10:41:23Z" hostname="29a437bb3444" tests="1" skipped="0" failures="0" errors="0" time="0.112">
    <testcase time="0.112" classname="hello" name="hello_greets_the_entity"/>
  </testsuite>
  <testsuite name="shiny" timestamp="2023-08-18T10:41:23Z" hostname="29a437bb3444" tests="1" skipped="0" failures="0" errors="0" time="3.469">
    <testcase time="3.469" classname="shiny" name="The_Shiny_App_returns_a_proper_greeting"/>
  </testsuite>
</testsuites>
