<?xml version="1.0" encoding="UTF-8"?>
<testsuites>
  <testsuite name="api" timestamp="2023-02-13T21:09:15Z" hostname="d517f3afccf0" tests="1" skipped="0" failures="0" errors="0" time="4.079">
    <testcase time="4.079" classname="api" name="API_greets_the_person"/>
  </testsuite>
  <testsuite name="hello" timestamp="2023-02-13T21:09:19Z" hostname="d517f3afccf0" tests="1" skipped="0" failures="0" errors="0" time="0.094">
    <testcase time="0.0940000000000003" classname="hello" name="hello_greets_the_entity"/>
  </testsuite>
  <testsuite name="shiny" timestamp="2023-02-13T21:09:19Z" hostname="d517f3afccf0" tests="1" skipped="0" failures="0" errors="0" time="3.228">
    <testcase time="3.228" classname="shiny" name="The_Shiny_App_returns_a_proper_greeting"/>
  </testsuite>
</testsuites>
