<?xml version="1.0" encoding="UTF-8"?>
<testsuites>
  <testsuite name="api" timestamp="2024-01-03T13:02:57Z" hostname="98072c9e0a2b" tests="1" skipped="0" failures="0" errors="0" time="4.014">
    <testcase time="4.014" classname="api" name="API_greets_the_person"/>
  </testsuite>
  <testsuite name="hello" timestamp="2024-01-03T13:03:01Z" hostname="98072c9e0a2b" tests="1" skipped="0" failures="0" errors="0" time="0.081">
    <testcase time="0.0810000000000004" classname="hello" name="hello_greets_the_entity"/>
  </testsuite>
  <testsuite name="shiny" timestamp="2024-01-03T13:03:01Z" hostname="98072c9e0a2b" tests="1" skipped="0" failures="0" errors="0" time="2.827">
    <testcase time="2.827" classname="shiny" name="The_Shiny_App_returns_a_proper_greeting"/>
  </testsuite>
</testsuites>
