<?xml version="1.0" encoding="UTF-8"?>
<testsuites>
  <testsuite name="api" timestamp="2023-02-06T14:53:21Z" hostname="8e9c9561860b" tests="1" skipped="0" failures="0" errors="0" time="4.015">
    <testcase time="4.015" classname="api" name="API_greets_the_person"/>
  </testsuite>
  <testsuite name="hello" timestamp="2023-02-06T14:53:25Z" hostname="8e9c9561860b" tests="1" skipped="0" failures="0" errors="0" time="0.092">
    <testcase time="0.0919999999999996" classname="hello" name="hello_greets_the_entity"/>
  </testsuite>
  <testsuite name="shiny" timestamp="2023-02-06T14:53:25Z" hostname="8e9c9561860b" tests="1" skipped="0" failures="0" errors="0" time="3.364">
    <testcase time="3.364" classname="shiny" name="The_Shiny_App_returns_a_proper_greeting"/>
  </testsuite>
</testsuites>
