<?xml version="1.0" encoding="UTF-8"?>
<testsuites>
  <testsuite name="api" timestamp="2023-06-22T14:13:00Z" hostname="3fb560e6f6d2" tests="1" skipped="0" failures="0" errors="0" time="4.301">
    <testcase time="4.301" classname="api" name="API_greets_the_person"/>
  </testsuite>
  <testsuite name="hello" timestamp="2023-06-22T14:13:04Z" hostname="3fb560e6f6d2" tests="1" skipped="0" failures="0" errors="0" time="0.121">
    <testcase time="0.121" classname="hello" name="hello_greets_the_entity"/>
  </testsuite>
  <testsuite name="shiny" timestamp="2023-06-22T14:13:05Z" hostname="3fb560e6f6d2" tests="1" skipped="0" failures="0" errors="0" time="3.422">
    <testcase time="3.422" classname="shiny" name="The_Shiny_App_returns_a_proper_greeting"/>
  </testsuite>
</testsuites>
