<?xml version="1.0" encoding="UTF-8"?>
<testsuites>
  <testsuite name="api" timestamp="2023-06-26T11:51:28Z" hostname="4da535c68f3a" tests="1" skipped="0" failures="0" errors="0" time="3.977">
    <testcase time="3.977" classname="api" name="API_greets_the_person"/>
  </testsuite>
  <testsuite name="hello" timestamp="2023-06-26T11:51:32Z" hostname="4da535c68f3a" tests="1" skipped="0" failures="0" errors="0" time="0.093">
    <testcase time="0.093" classname="hello" name="hello_greets_the_entity"/>
  </testsuite>
  <testsuite name="shiny" timestamp="2023-06-26T11:51:32Z" hostname="4da535c68f3a" tests="1" skipped="0" failures="0" errors="0" time="3.018">
    <testcase time="3.018" classname="shiny" name="The_Shiny_App_returns_a_proper_greeting"/>
  </testsuite>
</testsuites>
