<?xml version="1.0" encoding="UTF-8"?>
<testsuites>
  <testsuite name="api" timestamp="2024-08-14T15:31:13Z" hostname="ce2435447683" tests="1" skipped="0" failures="0" errors="0" time="3.971">
    <testcase time="3.971" classname="api" name="API_greets_the_person"/>
  </testsuite>
  <testsuite name="hello" timestamp="2024-08-14T15:31:17Z" hostname="ce2435447683" tests="1" skipped="0" failures="0" errors="0" time="0.075">
    <testcase time="0.0749999999999993" classname="hello" name="hello_greets_the_entity"/>
  </testsuite>
  <testsuite name="shiny" timestamp="2024-08-14T15:31:18Z" hostname="ce2435447683" tests="1" skipped="0" failures="0" errors="0" time="2.429">
    <testcase time="2.429" classname="shiny" name="The_Shiny_App_returns_a_proper_greeting"/>
  </testsuite>
</testsuites>
