<?xml version="1.0" encoding="UTF-8"?>
<testsuites>
  <testsuite name="api" timestamp="2023-02-24T00:33:23Z" hostname="711dc35feb48" tests="1" skipped="0" failures="0" errors="0" time="4.026">
    <testcase time="4.026" classname="api" name="API_greets_the_person"/>
  </testsuite>
  <testsuite name="hello" timestamp="2023-02-24T00:33:27Z" hostname="711dc35feb48" tests="1" skipped="0" failures="0" errors="0" time="0.091">
    <testcase time="0.0910000000000002" classname="hello" name="hello_greets_the_entity"/>
  </testsuite>
  <testsuite name="shiny" timestamp="2023-02-24T00:33:28Z" hostname="711dc35feb48" tests="1" skipped="0" failures="0" errors="0" time="3.292">
    <testcase time="3.292" classname="shiny" name="The_Shiny_App_returns_a_proper_greeting"/>
  </testsuite>
</testsuites>
