<?xml version="1.0" encoding="UTF-8"?>
<testsuites>
  <testsuite name="api" timestamp="2023-08-16T13:20:01Z" hostname="f955a995af9d" tests="1" skipped="0" failures="0" errors="0" time="4.018">
    <testcase time="4.018" classname="api" name="API_greets_the_person"/>
  </testsuite>
  <testsuite name="hello" timestamp="2023-08-16T13:20:05Z" hostname="f955a995af9d" tests="1" skipped="0" failures="0" errors="0" time="0.105">
    <testcase time="0.105" classname="hello" name="hello_greets_the_entity"/>
  </testsuite>
  <testsuite name="shiny" timestamp="2023-08-16T13:20:05Z" hostname="f955a995af9d" tests="1" skipped="0" failures="0" errors="0" time="3.127">
    <testcase time="3.127" classname="shiny" name="The_Shiny_App_returns_a_proper_greeting"/>
  </testsuite>
</testsuites>
