<?xml version="1.0" encoding="UTF-8"?>
<testsuites>
  <testsuite name="api" timestamp="2025-09-24T07:37:58Z" hostname="7feb33a34919" tests="1" skipped="0" failures="0" errors="0" time="4.06">
    <testcase time="4.06" classname="api" name="API_greets_the_person"/>
  </testsuite>
  <testsuite name="hello" timestamp="2025-09-24T07:38:02Z" hostname="7feb33a34919" tests="1" skipped="0" failures="0" errors="0" time="0.079">
    <testcase time="0.0790000000000006" classname="hello" name="hello_greets_the_entity"/>
  </testsuite>
  <testsuite name="shiny" timestamp="2025-09-24T07:38:02Z" hostname="7feb33a34919" tests="1" skipped="1" failures="0" errors="0" time="0.06">
    <testcase time="0.0599999999999996" classname="shiny" name="The_Shiny_App_returns_a_proper_greeting">
      <skipped message="Reason: On CRAN ('test-shiny.R:3:3')"/>
    </testcase>
  </testsuite>
</testsuites>
