<?xml version="1.0" encoding="UTF-8"?>
<testsuites>
  <testsuite name="api" timestamp="2024-05-07T08:17:38Z" hostname="4bf9c7a6a496" tests="1" skipped="0" failures="0" errors="0" time="4.097">
    <testcase time="4.097" classname="api" name="API_greets_the_person"/>
  </testsuite>
  <testsuite name="hello" timestamp="2024-05-07T08:17:42Z" hostname="4bf9c7a6a496" tests="1" skipped="0" failures="0" errors="0" time="0.086">
    <testcase time="0.0859999999999994" classname="hello" name="hello_greets_the_entity"/>
  </testsuite>
  <testsuite name="shiny" timestamp="2024-05-07T08:17:42Z" hostname="4bf9c7a6a496" tests="1" skipped="0" failures="0" errors="0" time="2.522">
    <testcase time="2.522" classname="shiny" name="The_Shiny_App_returns_a_proper_greeting"/>
  </testsuite>
</testsuites>
