<?xml version="1.0" encoding="UTF-8"?>
<testsuites>
  <testsuite name="api" timestamp="2024-11-07T13:31:27Z" hostname="0806bbb46391" tests="1" skipped="0" failures="0" errors="0" time="4.012">
    <testcase time="4.012" classname="api" name="API_greets_the_person"/>
  </testsuite>
  <testsuite name="hello" timestamp="2024-11-07T13:31:31Z" hostname="0806bbb46391" tests="1" skipped="0" failures="0" errors="0" time="0.076">
    <testcase time="0.0759999999999996" classname="hello" name="hello_greets_the_entity"/>
  </testsuite>
  <testsuite name="shiny" timestamp="2024-11-07T13:31:31Z" hostname="0806bbb46391" tests="1" skipped="0" failures="0" errors="0" time="2.37">
    <testcase time="2.37" classname="shiny" name="The_Shiny_App_returns_a_proper_greeting"/>
  </testsuite>
</testsuites>
