<?xml version="1.0" encoding="UTF-8"?>
<testsuites>
  <testsuite name="api" timestamp="2024-01-16T17:26:09Z" hostname="83a1c15ab45d" tests="1" skipped="0" failures="0" errors="0" time="4.124">
    <testcase time="4.124" classname="api" name="API_greets_the_person"/>
  </testsuite>
  <testsuite name="hello" timestamp="2024-01-16T17:26:14Z" hostname="83a1c15ab45d" tests="1" skipped="0" failures="0" errors="0" time="0.089">
    <testcase time="0.0889999999999995" classname="hello" name="hello_greets_the_entity"/>
  </testsuite>
  <testsuite name="shiny" timestamp="2024-01-16T17:26:14Z" hostname="83a1c15ab45d" tests="1" skipped="0" failures="0" errors="0" time="2.759">
    <testcase time="2.759" classname="shiny" name="The_Shiny_App_returns_a_proper_greeting"/>
  </testsuite>
</testsuites>
