<?xml version="1.0" encoding="UTF-8"?>
<testsuites>
  <testsuite name="api" timestamp="2023-06-18T14:34:11Z" hostname="57ed197e6f9c" tests="1" skipped="0" failures="0" errors="0" time="3.943">
    <testcase time="3.943" classname="api" name="API_greets_the_person"/>
  </testsuite>
  <testsuite name="hello" timestamp="2023-06-18T14:34:15Z" hostname="57ed197e6f9c" tests="1" skipped="0" failures="0" errors="0" time="0.084">
    <testcase time="0.0839999999999996" classname="hello" name="hello_greets_the_entity"/>
  </testsuite>
  <testsuite name="shiny" timestamp="2023-06-18T14:34:15Z" hostname="57ed197e6f9c" tests="1" skipped="0" failures="0" errors="0" time="3.011">
    <testcase time="3.011" classname="shiny" name="The_Shiny_App_returns_a_proper_greeting"/>
  </testsuite>
</testsuites>
