<?xml version="1.0" encoding="UTF-8"?>
<testsuites>
  <testsuite name="api" timestamp="2023-02-23T15:58:28Z" hostname="565a58ba57a3" tests="1" skipped="0" failures="0" errors="0" time="3.971">
    <testcase time="3.971" classname="api" name="API_greets_the_person"/>
  </testsuite>
  <testsuite name="hello" timestamp="2023-02-23T15:58:32Z" hostname="565a58ba57a3" tests="1" skipped="0" failures="0" errors="0" time="0.084">
    <testcase time="0.0840000000000005" classname="hello" name="hello_greets_the_entity"/>
  </testsuite>
  <testsuite name="shiny" timestamp="2023-02-23T15:58:32Z" hostname="565a58ba57a3" tests="1" skipped="0" failures="0" errors="0" time="2.966">
    <testcase time="2.966" classname="shiny" name="The_Shiny_App_returns_a_proper_greeting"/>
  </testsuite>
</testsuites>
