<?xml version="1.0" encoding="UTF-8"?>
<testsuites>
  <testsuite name="api" timestamp="2024-02-13T16:00:29Z" hostname="c506905ccb99" tests="1" skipped="0" failures="0" errors="0" time="4.049">
    <testcase time="4.049" classname="api" name="API_greets_the_person"/>
  </testsuite>
  <testsuite name="hello" timestamp="2024-02-13T16:00:33Z" hostname="c506905ccb99" tests="1" skipped="0" failures="0" errors="0" time="0.085">
    <testcase time="0.085" classname="hello" name="hello_greets_the_entity"/>
  </testsuite>
  <testsuite name="shiny" timestamp="2024-02-13T16:00:33Z" hostname="c506905ccb99" tests="1" skipped="0" failures="0" errors="0" time="3.05">
    <testcase time="3.05" classname="shiny" name="The_Shiny_App_returns_a_proper_greeting"/>
  </testsuite>
</testsuites>
