<?xml version="1.0" encoding="UTF-8"?>
<testsuites>
  <testsuite name="api" timestamp="2023-02-23T15:31:04Z" hostname="6b6e6817d4ac" tests="1" skipped="0" failures="0" errors="0" time="4.3">
    <testcase time="4.3" classname="api" name="API_greets_the_person"/>
  </testsuite>
  <testsuite name="hello" timestamp="2023-02-23T15:31:08Z" hostname="6b6e6817d4ac" tests="1" skipped="0" failures="0" errors="0" time="0.111">
    <testcase time="0.111" classname="hello" name="hello_greets_the_entity"/>
  </testsuite>
  <testsuite name="shiny" timestamp="2023-02-23T15:31:09Z" hostname="6b6e6817d4ac" tests="1" skipped="0" failures="0" errors="0" time="3.602">
    <testcase time="3.602" classname="shiny" name="The_Shiny_App_returns_a_proper_greeting"/>
  </testsuite>
</testsuites>
