<?xml version="1.0" encoding="UTF-8"?>
<testsuites>
  <testsuite name="api" timestamp="2024-06-04T15:47:10Z" hostname="4941b9858a13" tests="1" skipped="0" failures="0" errors="0" time="3.989">
    <testcase time="3.989" classname="api" name="API_greets_the_person"/>
  </testsuite>
  <testsuite name="hello" timestamp="2024-06-04T15:47:14Z" hostname="4941b9858a13" tests="1" skipped="0" failures="0" errors="0" time="0.073">
    <testcase time="0.0729999999999995" classname="hello" name="hello_greets_the_entity"/>
  </testsuite>
  <testsuite name="shiny" timestamp="2024-06-04T15:47:14Z" hostname="4941b9858a13" tests="1" skipped="0" failures="0" errors="0" time="2.579">
    <testcase time="2.579" classname="shiny" name="The_Shiny_App_returns_a_proper_greeting"/>
  </testsuite>
</testsuites>
