<?xml version="1.0" encoding="UTF-8"?>
<testsuites>
  <testsuite name="api" timestamp="2024-06-18T11:46:10Z" hostname="98795900f7f5" tests="1" skipped="0" failures="0" errors="0" time="3.987">
    <testcase time="3.987" classname="api" name="API_greets_the_person"/>
  </testsuite>
  <testsuite name="hello" timestamp="2024-06-18T11:46:14Z" hostname="98795900f7f5" tests="1" skipped="0" failures="0" errors="0" time="0.077">
    <testcase time="0.077" classname="hello" name="hello_greets_the_entity"/>
  </testsuite>
  <testsuite name="shiny" timestamp="2024-06-18T11:46:14Z" hostname="98795900f7f5" tests="1" skipped="0" failures="0" errors="0" time="2.391">
    <testcase time="2.391" classname="shiny" name="The_Shiny_App_returns_a_proper_greeting"/>
  </testsuite>
</testsuites>
