<?xml version="1.0" encoding="UTF-8"?>
<testsuites>
  <testsuite name="api" timestamp="2023-11-14T13:48:56Z" hostname="b8b9f34f84a9" tests="1" skipped="0" failures="0" errors="0" time="4.139">
    <testcase time="4.139" classname="api" name="API_greets_the_person"/>
  </testsuite>
  <testsuite name="hello" timestamp="2023-11-14T13:49:00Z" hostname="b8b9f34f84a9" tests="1" skipped="0" failures="0" errors="0" time="0.109">
    <testcase time="0.109" classname="hello" name="hello_greets_the_entity"/>
  </testsuite>
  <testsuite name="shiny" timestamp="2023-11-14T13:49:00Z" hostname="b8b9f34f84a9" tests="1" skipped="0" failures="0" errors="0" time="3.065">
    <testcase time="3.065" classname="shiny" name="The_Shiny_App_returns_a_proper_greeting"/>
  </testsuite>
</testsuites>
