<?xml version="1.0" encoding="UTF-8"?>
<testsuites>
  <testsuite name="api" timestamp="2023-02-04T14:36:46Z" hostname="fbbe3ff3d4c8" tests="1" skipped="0" failures="0" errors="0" time="4.3">
    <testcase time="4.3" classname="api" name="API_greets_the_person"/>
  </testsuite>
  <testsuite name="hello" timestamp="2023-02-04T14:36:50Z" hostname="fbbe3ff3d4c8" tests="1" skipped="0" failures="0" errors="0" time="0.124">
    <testcase time="0.124000000000001" classname="hello" name="hello_greets_the_entity"/>
  </testsuite>
  <testsuite name="shiny" timestamp="2023-02-04T14:36:50Z" hostname="fbbe3ff3d4c8" tests="1" skipped="0" failures="0" errors="0" time="3.434">
    <testcase time="3.434" classname="shiny" name="The_Shiny_App_returns_a_proper_greeting"/>
  </testsuite>
</testsuites>
