<?xml version="1.0" encoding="UTF-8"?>
<testsuites>
  <testsuite name="api" timestamp="2023-03-03T16:36:21Z" hostname="f642eb026f2c" tests="1" skipped="0" failures="0" errors="0" time="4.096">
    <testcase time="4.096" classname="api" name="API_greets_the_person"/>
  </testsuite>
  <testsuite name="hello" timestamp="2023-03-03T16:36:25Z" hostname="f642eb026f2c" tests="1" skipped="0" failures="0" errors="0" time="0.095">
    <testcase time="0.0949999999999998" classname="hello" name="hello_greets_the_entity"/>
  </testsuite>
  <testsuite name="shiny" timestamp="2023-03-03T16:36:25Z" hostname="f642eb026f2c" tests="1" skipped="0" failures="0" errors="0" time="3.274">
    <testcase time="3.274" classname="shiny" name="The_Shiny_App_returns_a_proper_greeting"/>
  </testsuite>
</testsuites>
