<?xml version="1.0" encoding="UTF-8"?>
<testsuites>
  <testsuite name="api" timestamp="2023-07-05T12:28:35Z" hostname="279095520e7e" tests="1" skipped="0" failures="0" errors="0" time="3.988">
    <testcase time="3.988" classname="api" name="API_greets_the_person"/>
  </testsuite>
  <testsuite name="hello" timestamp="2023-07-05T12:28:39Z" hostname="279095520e7e" tests="1" skipped="0" failures="0" errors="0" time="0.093">
    <testcase time="0.093" classname="hello" name="hello_greets_the_entity"/>
  </testsuite>
  <testsuite name="shiny" timestamp="2023-07-05T12:28:40Z" hostname="279095520e7e" tests="1" skipped="0" failures="0" errors="0" time="2.895">
    <testcase time="2.895" classname="shiny" name="The_Shiny_App_returns_a_proper_greeting"/>
  </testsuite>
</testsuites>
