<?xml version="1.0" encoding="UTF-8"?>
<testsuites>
  <testsuite name="api" timestamp="2025-01-08T15:48:44Z" hostname="b678ea7e387b" tests="1" skipped="0" failures="0" errors="0" time="4.042">
    <testcase time="4.042" classname="api" name="API_greets_the_person"/>
  </testsuite>
  <testsuite name="hello" timestamp="2025-01-08T15:48:48Z" hostname="b678ea7e387b" tests="1" skipped="0" failures="0" errors="0" time="0.089">
    <testcase time="0.0890000000000004" classname="hello" name="hello_greets_the_entity"/>
  </testsuite>
  <testsuite name="shiny" timestamp="2025-01-08T15:48:48Z" hostname="b678ea7e387b" tests="1" skipped="0" failures="0" errors="0" time="2.518">
    <testcase time="2.518" classname="shiny" name="The_Shiny_App_returns_a_proper_greeting"/>
  </testsuite>
</testsuites>
