<?xml version="1.0" encoding="UTF-8"?>
<testsuites>
  <testsuite name="api" timestamp="2025-10-24T10:50:05Z" hostname="fd1496de8c01" tests="1" skipped="0" failures="0" errors="0" time="4.043">
    <testcase time="4.043" classname="api" name="API_greets_the_person"/>
  </testsuite>
  <testsuite name="hello" timestamp="2025-10-24T10:50:09Z" hostname="fd1496de8c01" tests="1" skipped="0" failures="0" errors="0" time="0.076">
    <testcase time="0.0760000000000005" classname="hello" name="hello_greets_the_entity"/>
  </testsuite>
  <testsuite name="shiny" timestamp="2025-10-24T10:50:09Z" hostname="fd1496de8c01" tests="1" skipped="1" failures="0" errors="0" time="0.056">
    <testcase time="0.056" classname="shiny" name="The_Shiny_App_returns_a_proper_greeting">
      <skipped message="Reason: On CRAN ('test-shiny.R:3:3')"/>
    </testcase>
  </testsuite>
</testsuites>
