<?xml version="1.0" encoding="UTF-8"?>
<testsuites>
  <testsuite name="api" timestamp="2025-01-31T10:47:29Z" hostname="174cbf310800" tests="1" skipped="0" failures="0" errors="0" time="3.981">
    <testcase time="3.981" classname="api" name="API_greets_the_person"/>
  </testsuite>
  <testsuite name="hello" timestamp="2025-01-31T10:47:33Z" hostname="174cbf310800" tests="1" skipped="0" failures="0" errors="0" time="0.08">
    <testcase time="0.0800000000000001" classname="hello" name="hello_greets_the_entity"/>
  </testsuite>
  <testsuite name="shiny" timestamp="2025-01-31T10:47:33Z" hostname="174cbf310800" tests="1" skipped="0" failures="0" errors="0" time="2.466">
    <testcase time="2.466" classname="shiny" name="The_Shiny_App_returns_a_proper_greeting"/>
  </testsuite>
</testsuites>
