<?xml version="1.0" encoding="UTF-8"?>
<testsuites>
  <testsuite name="api" timestamp="2023-02-24T00:01:29Z" hostname="4242d7e1a473" tests="1" skipped="0" failures="0" errors="0" time="3.938">
    <testcase time="3.938" classname="api" name="API_greets_the_person"/>
  </testsuite>
  <testsuite name="hello" timestamp="2023-02-24T00:01:33Z" hostname="4242d7e1a473" tests="1" skipped="0" failures="0" errors="0" time="0.084">
    <testcase time="0.0840000000000005" classname="hello" name="hello_greets_the_entity"/>
  </testsuite>
  <testsuite name="shiny" timestamp="2023-02-24T00:01:33Z" hostname="4242d7e1a473" tests="1" skipped="0" failures="0" errors="0" time="7.881">
    <testcase time="7.881" classname="shiny" name="The_Shiny_App_returns_a_proper_greeting"/>
  </testsuite>
</testsuites>
