<?xml version="1.0" encoding="UTF-8"?>
<testsuites>
  <testsuite name="api" timestamp="2024-02-22T14:17:05Z" hostname="9fa31a9cfb1f" tests="1" skipped="0" failures="0" errors="0" time="4.05">
    <testcase time="4.05" classname="api" name="API_greets_the_person"/>
  </testsuite>
  <testsuite name="hello" timestamp="2024-02-22T14:17:09Z" hostname="9fa31a9cfb1f" tests="1" skipped="0" failures="0" errors="0" time="0.082">
    <testcase time="0.0819999999999999" classname="hello" name="hello_greets_the_entity"/>
  </testsuite>
  <testsuite name="shiny" timestamp="2024-02-22T14:17:09Z" hostname="9fa31a9cfb1f" tests="1" skipped="0" failures="0" errors="0" time="2.846">
    <testcase time="2.846" classname="shiny" name="The_Shiny_App_returns_a_proper_greeting"/>
  </testsuite>
</testsuites>
