<?xml version="1.0" encoding="UTF-8"?>
<testsuites>
  <testsuite name="api" timestamp="2023-08-30T15:05:33Z" hostname="566d8a89d329" tests="1" skipped="0" failures="0" errors="0" time="4.152">
    <testcase time="4.152" classname="api" name="API_greets_the_person"/>
  </testsuite>
  <testsuite name="hello" timestamp="2023-08-30T15:05:38Z" hostname="566d8a89d329" tests="1" skipped="0" failures="0" errors="0" time="0.132">
    <testcase time="0.132" classname="hello" name="hello_greets_the_entity"/>
  </testsuite>
  <testsuite name="shiny" timestamp="2023-08-30T15:05:38Z" hostname="566d8a89d329" tests="1" skipped="0" failures="0" errors="0" time="3.669">
    <testcase time="3.669" classname="shiny" name="The_Shiny_App_returns_a_proper_greeting"/>
  </testsuite>
</testsuites>
