<?xml version="1.0" encoding="UTF-8"?>
<testsuites>
  <testsuite name="api" timestamp="2024-07-05T14:30:50Z" hostname="da759a1f25af" tests="1" skipped="0" failures="0" errors="0" time="3.991">
    <testcase time="3.991" classname="api" name="API_greets_the_person"/>
  </testsuite>
  <testsuite name="hello" timestamp="2024-07-05T14:30:54Z" hostname="da759a1f25af" tests="1" skipped="0" failures="0" errors="0" time="0.075">
    <testcase time="0.0750000000000002" classname="hello" name="hello_greets_the_entity"/>
  </testsuite>
  <testsuite name="shiny" timestamp="2024-07-05T14:30:54Z" hostname="da759a1f25af" tests="1" skipped="0" failures="0" errors="0" time="2.57">
    <testcase time="2.57" classname="shiny" name="The_Shiny_App_returns_a_proper_greeting"/>
  </testsuite>
</testsuites>
