<?xml version="1.0" encoding="UTF-8"?>
<testsuites>
  <testsuite name="api" timestamp="2023-02-14T10:28:02Z" hostname="551b029fed86" tests="1" skipped="0" failures="0" errors="0" time="4.262">
    <testcase time="4.262" classname="api" name="API_greets_the_person"/>
  </testsuite>
  <testsuite name="hello" timestamp="2023-02-14T10:28:07Z" hostname="551b029fed86" tests="1" skipped="0" failures="0" errors="0" time="0.107">
    <testcase time="0.106999999999999" classname="hello" name="hello_greets_the_entity"/>
  </testsuite>
  <testsuite name="shiny" timestamp="2023-02-14T10:28:07Z" hostname="551b029fed86" tests="1" skipped="0" failures="0" errors="0" time="3.663">
    <testcase time="3.663" classname="shiny" name="The_Shiny_App_returns_a_proper_greeting"/>
  </testsuite>
</testsuites>
