<?xml version="1.0" encoding="UTF-8"?>
<testsuites>
  <testsuite name="api" timestamp="2023-02-24T00:12:55Z" hostname="1752d7bdeed7" tests="1" skipped="0" failures="0" errors="0" time="4.417">
    <testcase time="4.417" classname="api" name="API_greets_the_person"/>
  </testsuite>
  <testsuite name="hello" timestamp="2023-02-24T00:12:59Z" hostname="1752d7bdeed7" tests="1" skipped="0" failures="0" errors="0" time="0.121">
    <testcase time="0.121" classname="hello" name="hello_greets_the_entity"/>
  </testsuite>
  <testsuite name="shiny" timestamp="2023-02-24T00:12:59Z" hostname="1752d7bdeed7" tests="1" skipped="0" failures="0" errors="0" time="3.853">
    <testcase time="3.853" classname="shiny" name="The_Shiny_App_returns_a_proper_greeting"/>
  </testsuite>
</testsuites>
