<?xml version="1.0" encoding="UTF-8"?>
<testsuites>
  <testsuite name="api" timestamp="2024-06-04T14:04:51Z" hostname="905057aec533" tests="1" skipped="0" failures="0" errors="0" time="4.072">
    <testcase time="4.072" classname="api" name="API_greets_the_person"/>
  </testsuite>
  <testsuite name="hello" timestamp="2024-06-04T14:04:56Z" hostname="905057aec533" tests="1" skipped="0" failures="0" errors="0" time="0.076">
    <testcase time="0.0759999999999996" classname="hello" name="hello_greets_the_entity"/>
  </testsuite>
  <testsuite name="shiny" timestamp="2024-06-04T14:04:56Z" hostname="905057aec533" tests="1" skipped="0" failures="0" errors="0" time="2.677">
    <testcase time="2.677" classname="shiny" name="The_Shiny_App_returns_a_proper_greeting"/>
  </testsuite>
</testsuites>
