<?xml version="1.0" encoding="UTF-8"?>
<testsuites>
  <testsuite name="api" timestamp="2023-04-05T15:37:26Z" hostname="3783b9886a41" tests="1" skipped="0" failures="0" errors="0" time="4.038">
    <testcase time="4.038" classname="api" name="API_greets_the_person"/>
  </testsuite>
  <testsuite name="hello" timestamp="2023-04-05T15:37:30Z" hostname="3783b9886a41" tests="1" skipped="0" failures="0" errors="0" time="0.092">
    <testcase time="0.0919999999999996" classname="hello" name="hello_greets_the_entity"/>
  </testsuite>
  <testsuite name="shiny" timestamp="2023-04-05T15:37:30Z" hostname="3783b9886a41" tests="1" skipped="0" failures="0" errors="0" time="3.029">
    <testcase time="3.029" classname="shiny" name="The_Shiny_App_returns_a_proper_greeting"/>
  </testsuite>
</testsuites>
