<?xml version="1.0" encoding="UTF-8"?>
<testsuites>
  <testsuite name="api" timestamp="2024-06-05T14:55:20Z" hostname="3dfcb01a004e" tests="1" skipped="0" failures="0" errors="0" time="4.142">
    <testcase time="4.142" classname="api" name="API_greets_the_person"/>
  </testsuite>
  <testsuite name="hello" timestamp="2024-06-05T14:55:24Z" hostname="3dfcb01a004e" tests="1" skipped="0" failures="0" errors="0" time="0.088">
    <testcase time="0.0880000000000001" classname="hello" name="hello_greets_the_entity"/>
  </testsuite>
  <testsuite name="shiny" timestamp="2024-06-05T14:55:24Z" hostname="3dfcb01a004e" tests="1" skipped="0" failures="0" errors="0" time="2.547">
    <testcase time="2.547" classname="shiny" name="The_Shiny_App_returns_a_proper_greeting"/>
  </testsuite>
</testsuites>
