<?xml version="1.0" encoding="UTF-8"?>
<testsuites>
  <testsuite name="api" timestamp="2024-09-27T10:36:04Z" hostname="b9d5c9446e4b" tests="1" skipped="0" failures="0" errors="0" time="3.996">
    <testcase time="3.996" classname="api" name="API_greets_the_person"/>
  </testsuite>
  <testsuite name="hello" timestamp="2024-09-27T10:36:08Z" hostname="b9d5c9446e4b" tests="1" skipped="0" failures="0" errors="0" time="0.079">
    <testcase time="0.0789999999999997" classname="hello" name="hello_greets_the_entity"/>
  </testsuite>
  <testsuite name="shiny" timestamp="2024-09-27T10:36:08Z" hostname="b9d5c9446e4b" tests="1" skipped="0" failures="0" errors="0" time="2.389">
    <testcase time="2.389" classname="shiny" name="The_Shiny_App_returns_a_proper_greeting"/>
  </testsuite>
</testsuites>
