<?xml version="1.0" encoding="UTF-8"?>
<testsuites>
  <testsuite name="api" timestamp="2023-07-10T13:28:22Z" hostname="0990eb44a081" tests="1" skipped="0" failures="0" errors="0" time="3.971">
    <testcase time="3.971" classname="api" name="API_greets_the_person"/>
  </testsuite>
  <testsuite name="hello" timestamp="2023-07-10T13:28:26Z" hostname="0990eb44a081" tests="1" skipped="0" failures="0" errors="0" time="0.094">
    <testcase time="0.0940000000000003" classname="hello" name="hello_greets_the_entity"/>
  </testsuite>
  <testsuite name="shiny" timestamp="2023-07-10T13:28:26Z" hostname="0990eb44a081" tests="1" skipped="0" failures="0" errors="0" time="2.897">
    <testcase time="2.897" classname="shiny" name="The_Shiny_App_returns_a_proper_greeting"/>
  </testsuite>
</testsuites>
