<?xml version="1.0" encoding="UTF-8"?>
<testsuites>
  <testsuite name="api" timestamp="2023-11-20T16:02:35Z" hostname="42e1abd5fb70" tests="1" skipped="0" failures="0" errors="0" time="4.073">
    <testcase time="4.073" classname="api" name="API_greets_the_person"/>
  </testsuite>
  <testsuite name="hello" timestamp="2023-11-20T16:02:39Z" hostname="42e1abd5fb70" tests="1" skipped="0" failures="0" errors="0" time="0.082">
    <testcase time="0.0819999999999999" classname="hello" name="hello_greets_the_entity"/>
  </testsuite>
  <testsuite name="shiny" timestamp="2023-11-20T16:02:39Z" hostname="42e1abd5fb70" tests="1" skipped="0" failures="0" errors="0" time="2.711">
    <testcase time="2.711" classname="shiny" name="The_Shiny_App_returns_a_proper_greeting"/>
  </testsuite>
</testsuites>
