<?xml version="1.0" encoding="UTF-8"?>
<testsuites>
  <testsuite name="api" timestamp="2023-08-02T08:27:00Z" hostname="c92550bb7321" tests="1" skipped="0" failures="0" errors="0" time="4.036">
    <testcase time="4.036" classname="api" name="API_greets_the_person"/>
  </testsuite>
  <testsuite name="hello" timestamp="2023-08-02T08:27:04Z" hostname="c92550bb7321" tests="1" skipped="0" failures="0" errors="0" time="0.106">
    <testcase time="0.106" classname="hello" name="hello_greets_the_entity"/>
  </testsuite>
  <testsuite name="shiny" timestamp="2023-08-02T08:27:04Z" hostname="c92550bb7321" tests="1" skipped="0" failures="0" errors="0" time="3.116">
    <testcase time="3.116" classname="shiny" name="The_Shiny_App_returns_a_proper_greeting"/>
  </testsuite>
</testsuites>
