<?xml version="1.0" encoding="UTF-8"?>
<testsuites>
  <testsuite name="api" timestamp="2023-04-25T09:22:22Z" hostname="373bf89fff95" tests="1" skipped="0" failures="0" errors="0" time="4.347">
    <testcase time="4.347" classname="api" name="API_greets_the_person"/>
  </testsuite>
  <testsuite name="hello" timestamp="2023-04-25T09:22:26Z" hostname="373bf89fff95" tests="1" skipped="0" failures="0" errors="0" time="0.134">
    <testcase time="0.134" classname="hello" name="hello_greets_the_entity"/>
  </testsuite>
  <testsuite name="shiny" timestamp="2023-04-25T09:22:26Z" hostname="373bf89fff95" tests="1" skipped="0" failures="0" errors="0" time="4.008">
    <testcase time="4.008" classname="shiny" name="The_Shiny_App_returns_a_proper_greeting"/>
  </testsuite>
</testsuites>
