<?xml version="1.0" encoding="UTF-8"?>
<testsuites>
  <testsuite name="api" timestamp="2024-08-19T14:35:20Z" hostname="eed53e630aba" tests="1" skipped="0" failures="0" errors="0" time="3.979">
    <testcase time="3.979" classname="api" name="API_greets_the_person"/>
  </testsuite>
  <testsuite name="hello" timestamp="2024-08-19T14:35:24Z" hostname="eed53e630aba" tests="1" skipped="0" failures="0" errors="0" time="0.076">
    <testcase time="0.0759999999999996" classname="hello" name="hello_greets_the_entity"/>
  </testsuite>
  <testsuite name="shiny" timestamp="2024-08-19T14:35:24Z" hostname="eed53e630aba" tests="1" skipped="0" failures="0" errors="0" time="2.432">
    <testcase time="2.432" classname="shiny" name="The_Shiny_App_returns_a_proper_greeting"/>
  </testsuite>
</testsuites>
