<?xml version="1.0" encoding="UTF-8"?>
<testsuites>
  <testsuite name="api" timestamp="2023-07-17T11:33:41Z" hostname="4d08dfb85a41" tests="1" skipped="0" failures="0" errors="0" time="4.285">
    <testcase time="4.285" classname="api" name="API_greets_the_person"/>
  </testsuite>
  <testsuite name="hello" timestamp="2023-07-17T11:33:45Z" hostname="4d08dfb85a41" tests="1" skipped="0" failures="0" errors="0" time="0.147">
    <testcase time="0.147" classname="hello" name="hello_greets_the_entity"/>
  </testsuite>
  <testsuite name="shiny" timestamp="2023-07-17T11:33:45Z" hostname="4d08dfb85a41" tests="1" skipped="0" failures="0" errors="0" time="3.733">
    <testcase time="3.733" classname="shiny" name="The_Shiny_App_returns_a_proper_greeting"/>
  </testsuite>
</testsuites>
