<?xml version="1.0" encoding="UTF-8"?>
<testsuites>
  <testsuite name="api" timestamp="2023-02-04T14:26:25Z" hostname="e27d9c49b00c" tests="1" skipped="0" failures="0" errors="0" time="3.924">
    <testcase time="3.924" classname="api" name="API_greets_the_person"/>
  </testsuite>
  <testsuite name="hello" timestamp="2023-02-04T14:26:29Z" hostname="e27d9c49b00c" tests="1" skipped="0" failures="0" errors="0" time="0.085">
    <testcase time="0.085" classname="hello" name="hello_greets_the_entity"/>
  </testsuite>
  <testsuite name="shiny" timestamp="2023-02-04T14:26:29Z" hostname="e27d9c49b00c" tests="1" skipped="0" failures="0" errors="0" time="3.218">
    <testcase time="3.218" classname="shiny" name="The_Shiny_App_returns_a_proper_greeting"/>
  </testsuite>
</testsuites>
