<?xml version="1.0" encoding="UTF-8"?>
<testsuites>
  <testsuite name="api" timestamp="2023-11-14T16:35:17Z" hostname="15a5d587c3aa" tests="1" skipped="0" failures="0" errors="0" time="4.068">
    <testcase time="4.068" classname="api" name="API_greets_the_person"/>
  </testsuite>
  <testsuite name="hello" timestamp="2023-11-14T16:35:21Z" hostname="15a5d587c3aa" tests="1" skipped="0" failures="0" errors="0" time="0.085">
    <testcase time="0.085" classname="hello" name="hello_greets_the_entity"/>
  </testsuite>
  <testsuite name="shiny" timestamp="2023-11-14T16:35:21Z" hostname="15a5d587c3aa" tests="1" skipped="0" failures="0" errors="0" time="2.71">
    <testcase time="2.71" classname="shiny" name="The_Shiny_App_returns_a_proper_greeting"/>
  </testsuite>
</testsuites>
