<?xml version="1.0" encoding="UTF-8"?>
<testsuites>
  <testsuite name="api" timestamp="2024-02-09T08:31:51Z" hostname="fe4a0327c0c1" tests="1" skipped="0" failures="0" errors="0" time="4.044">
    <testcase time="4.044" classname="api" name="API_greets_the_person"/>
  </testsuite>
  <testsuite name="hello" timestamp="2024-02-09T08:31:55Z" hostname="fe4a0327c0c1" tests="1" skipped="0" failures="0" errors="0" time="0.081">
    <testcase time="0.0810000000000004" classname="hello" name="hello_greets_the_entity"/>
  </testsuite>
  <testsuite name="shiny" timestamp="2024-02-09T08:31:55Z" hostname="fe4a0327c0c1" tests="1" skipped="0" failures="0" errors="0" time="2.641">
    <testcase time="2.641" classname="shiny" name="The_Shiny_App_returns_a_proper_greeting"/>
  </testsuite>
</testsuites>
