<?xml version="1.0" encoding="UTF-8"?>
<testsuites>
  <testsuite name="api" timestamp="2023-06-27T15:36:48Z" hostname="2f006de9b40a" tests="1" skipped="0" failures="0" errors="0" time="4.017">
    <testcase time="4.017" classname="api" name="API_greets_the_person"/>
  </testsuite>
  <testsuite name="hello" timestamp="2023-06-27T15:36:52Z" hostname="2f006de9b40a" tests="1" skipped="0" failures="0" errors="0" time="0.092">
    <testcase time="0.0919999999999996" classname="hello" name="hello_greets_the_entity"/>
  </testsuite>
  <testsuite name="shiny" timestamp="2023-06-27T15:36:52Z" hostname="2f006de9b40a" tests="1" skipped="0" failures="0" errors="0" time="2.931">
    <testcase time="2.931" classname="shiny" name="The_Shiny_App_returns_a_proper_greeting"/>
  </testsuite>
</testsuites>
