<?xml version="1.0" encoding="UTF-8"?>
<testsuites>
  <testsuite name="api" timestamp="2023-06-01T17:19:35Z" hostname="6786a8c90869" tests="1" skipped="0" failures="0" errors="0" time="4.412">
    <testcase time="4.412" classname="api" name="API_greets_the_person"/>
  </testsuite>
  <testsuite name="hello" timestamp="2023-06-01T17:19:40Z" hostname="6786a8c90869" tests="1" skipped="0" failures="0" errors="0" time="0.14">
    <testcase time="0.14" classname="hello" name="hello_greets_the_entity"/>
  </testsuite>
  <testsuite name="shiny" timestamp="2023-06-01T17:19:40Z" hostname="6786a8c90869" tests="1" skipped="0" failures="0" errors="0" time="3.899">
    <testcase time="3.899" classname="shiny" name="The_Shiny_App_returns_a_proper_greeting"/>
  </testsuite>
</testsuites>
