<?xml version="1.0" encoding="UTF-8"?>
<testsuites>
  <testsuite name="api" timestamp="2023-06-29T16:02:45Z" hostname="d0fa939e0caf" tests="1" skipped="0" failures="0" errors="0" time="4.1">
    <testcase time="4.1" classname="api" name="API_greets_the_person"/>
  </testsuite>
  <testsuite name="hello" timestamp="2023-06-29T16:02:49Z" hostname="d0fa939e0caf" tests="1" skipped="0" failures="0" errors="0" time="0.1">
    <testcase time="0.0999999999999996" classname="hello" name="hello_greets_the_entity"/>
  </testsuite>
  <testsuite name="shiny" timestamp="2023-06-29T16:02:49Z" hostname="d0fa939e0caf" tests="1" skipped="0" failures="0" errors="0" time="3.356">
    <testcase time="3.356" classname="shiny" name="The_Shiny_App_returns_a_proper_greeting"/>
  </testsuite>
</testsuites>
