<?xml version="1.0" encoding="UTF-8"?>
<testsuites>
  <testsuite name="api" timestamp="2023-07-05T12:20:40Z" hostname="594d68137797" tests="1" skipped="0" failures="0" errors="0" time="4.166">
    <testcase time="4.166" classname="api" name="API_greets_the_person"/>
  </testsuite>
  <testsuite name="hello" timestamp="2023-07-05T12:20:45Z" hostname="594d68137797" tests="1" skipped="0" failures="0" errors="0" time="0.11">
    <testcase time="0.11" classname="hello" name="hello_greets_the_entity"/>
  </testsuite>
  <testsuite name="shiny" timestamp="2023-07-05T12:20:45Z" hostname="594d68137797" tests="1" skipped="0" failures="0" errors="0" time="3.241">
    <testcase time="3.241" classname="shiny" name="The_Shiny_App_returns_a_proper_greeting"/>
  </testsuite>
</testsuites>
