<?xml version="1.0" encoding="UTF-8"?>
<testsuites>
  <testsuite name="api" timestamp="2023-07-04T12:32:21Z" hostname="a7e5f051ff83" tests="1" skipped="0" failures="0" errors="0" time="4.123">
    <testcase time="4.123" classname="api" name="API_greets_the_person"/>
  </testsuite>
  <testsuite name="hello" timestamp="2023-07-04T12:32:26Z" hostname="a7e5f051ff83" tests="1" skipped="0" failures="0" errors="0" time="0.114">
    <testcase time="0.114" classname="hello" name="hello_greets_the_entity"/>
  </testsuite>
  <testsuite name="shiny" timestamp="2023-07-04T12:32:26Z" hostname="a7e5f051ff83" tests="1" skipped="0" failures="0" errors="0" time="3.249">
    <testcase time="3.249" classname="shiny" name="The_Shiny_App_returns_a_proper_greeting"/>
  </testsuite>
</testsuites>
