<?xml version="1.0" encoding="UTF-8"?>
<testsuites>
  <testsuite name="api" timestamp="2023-07-04T13:24:41Z" hostname="8ac79bf9865a" tests="1" skipped="0" failures="0" errors="0" time="4.048">
    <testcase time="4.048" classname="api" name="API_greets_the_person"/>
  </testsuite>
  <testsuite name="hello" timestamp="2023-07-04T13:24:45Z" hostname="8ac79bf9865a" tests="1" skipped="0" failures="0" errors="0" time="0.099">
    <testcase time="0.0990000000000002" classname="hello" name="hello_greets_the_entity"/>
  </testsuite>
  <testsuite name="shiny" timestamp="2023-07-04T13:24:45Z" hostname="8ac79bf9865a" tests="1" skipped="0" failures="0" errors="0" time="3.019">
    <testcase time="3.019" classname="shiny" name="The_Shiny_App_returns_a_proper_greeting"/>
  </testsuite>
</testsuites>
