<?xml version="1.0" encoding="UTF-8"?>
<testsuites>
  <testsuite name="api" timestamp="2023-04-04T13:16:54Z" hostname="9c83256ef512" tests="1" skipped="0" failures="0" errors="0" time="4.025">
    <testcase time="4.025" classname="api" name="API_greets_the_person"/>
  </testsuite>
  <testsuite name="hello" timestamp="2023-04-04T13:16:58Z" hostname="9c83256ef512" tests="1" skipped="0" failures="0" errors="0" time="0.094">
    <testcase time="0.0939999999999994" classname="hello" name="hello_greets_the_entity"/>
  </testsuite>
  <testsuite name="shiny" timestamp="2023-04-04T13:16:58Z" hostname="9c83256ef512" tests="1" skipped="0" failures="0" errors="0" time="3.037">
    <testcase time="3.037" classname="shiny" name="The_Shiny_App_returns_a_proper_greeting"/>
  </testsuite>
</testsuites>
