<?xml version="1.0" encoding="UTF-8"?>
<testsuites>
  <testsuite name="api" timestamp="2023-04-04T15:00:02Z" hostname="bc241bcba965" tests="1" skipped="0" failures="0" errors="0" time="3.952">
    <testcase time="3.952" classname="api" name="API_greets_the_person"/>
  </testsuite>
  <testsuite name="hello" timestamp="2023-04-04T15:00:06Z" hostname="bc241bcba965" tests="1" skipped="0" failures="0" errors="0" time="0.086">
    <testcase time="0.0859999999999994" classname="hello" name="hello_greets_the_entity"/>
  </testsuite>
  <testsuite name="shiny" timestamp="2023-04-04T15:00:06Z" hostname="bc241bcba965" tests="1" skipped="0" failures="0" errors="0" time="3.289">
    <testcase time="3.289" classname="shiny" name="The_Shiny_App_returns_a_proper_greeting"/>
  </testsuite>
</testsuites>
