<?xml version="1.0" encoding="UTF-8"?>
<testsuites>
  <testsuite name="api" timestamp="2024-04-09T13:57:50Z" hostname="83ff0ff8709c" tests="1" skipped="0" failures="0" errors="0" time="4.04">
    <testcase time="4.04" classname="api" name="API_greets_the_person"/>
  </testsuite>
  <testsuite name="hello" timestamp="2024-04-09T13:57:54Z" hostname="83ff0ff8709c" tests="1" skipped="0" failures="0" errors="0" time="0.083">
    <testcase time="0.0830000000000002" classname="hello" name="hello_greets_the_entity"/>
  </testsuite>
  <testsuite name="shiny" timestamp="2024-04-09T13:57:54Z" hostname="83ff0ff8709c" tests="1" skipped="0" failures="0" errors="1" time="101.859">
    <testcase time="101.859" classname="shiny" name="The_Shiny_App_returns_a_proper_greeting">
      <error type="error" message="Error in `sd_initialize(self, private, path, loadTimeout, checkNames, debug,  ('test-shiny.R:3:3')">Error in `sd_initialize(self, private, path, loadTimeout, checkNames, debug, 
    phantomTimeout = phantomTimeout, seed = seed, cleanLogs = cleanLogs, 
    shinyOptions = shinyOptions, renderArgs = renderArgs, options = options)`: Shiny app did not load in 1e+05ms.
S/I 13:57:56.00 window.shinytest loaded
S/I 13:57:56.00 waiting for shiny session to connect
B/W 13:57:56.26 TypeError: Type error
  toString (http://127.0.0.1:6298/shiny-javascript-1.8.1.1/shiny.min.js:2)
  call (:0)
  call (:0)
  call (:0)
  inspectSource (http://127.0.0.1:6298/shiny-javascript-1.8.1.1/shiny.min.js:2)
  (anonymous function) (http://127.0.0.1:6298/shiny-javascript-1.8.1.1/shiny.min.js:2)
  UK (http://127.0.0.1:6298/shiny-javascript-1.8.1.1/shiny.min.js:2)
  Sv (http://127.0.0.1:6298/shiny-javascript-1.8.1.1/shiny.min.js:2)
  Sv (http://127.0.0.1:6298/shiny-javascript-1.8.1.1/shiny.min.js:2)
  (anonymous function) (http://127.0.0.1:6298/shiny-javascript-1.8.1.1/shiny.min.js:2)
C/E ----------- Loading required package: shiny
C/E ----------- Running application in test mode.
C/E ----------- 
C/E ----------- Listening on http://127.0.0.1:6298
Backtrace:
    ▆
 1. └─ShinyDriver$new(...) at test-shiny.R:3:3
 2.   └─shinytest (local) initialize(...)
 3.     └─shinytest:::sd_initialize(...)
 4.       └─rlang::abort(...)</error>
    </testcase>
  </testsuite>
</testsuites>
