<?xml version="1.0" encoding="UTF-8"?>
<testsuites>
  <testsuite name="api" timestamp="2025-09-22T11:57:45Z" hostname="79471aabda6d" tests="1" skipped="0" failures="0" errors="0" time="4.04">
    <testcase time="4.04" classname="api" name="API_greets_the_person"/>
  </testsuite>
  <testsuite name="hello" timestamp="2025-09-22T11:57:49Z" hostname="79471aabda6d" tests="1" skipped="0" failures="0" errors="0" time="0.082">
    <testcase time="0.0819999999999999" classname="hello" name="hello_greets_the_entity"/>
  </testsuite>
  <testsuite name="shiny" timestamp="2025-09-22T11:57:49Z" hostname="79471aabda6d" tests="1" skipped="1" failures="0" errors="0" time="0.058">
    <testcase time="0.0580000000000007" classname="shiny" name="The_Shiny_App_returns_a_proper_greeting">
      <skipped message="Reason: On CRAN ('test-shiny.R:3:3')"/>
    </testcase>
  </testsuite>
</testsuites>
