<?xml version="1.0" encoding="UTF-8"?>
<testsuites>
  <testsuite name="api" timestamp="2023-08-03T13:40:33Z" hostname="ba418031d09e" tests="1" skipped="0" failures="0" errors="0" time="4.337">
    <testcase time="4.337" classname="api" name="API_greets_the_person"/>
  </testsuite>
  <testsuite name="hello" timestamp="2023-08-03T13:40:37Z" hostname="ba418031d09e" tests="1" skipped="0" failures="0" errors="0" time="0.147">
    <testcase time="0.146999999999999" classname="hello" name="hello_greets_the_entity"/>
  </testsuite>
  <testsuite name="shiny" timestamp="2023-08-03T13:40:37Z" hostname="ba418031d09e" tests="1" skipped="0" failures="0" errors="0" time="3.955">
    <testcase time="3.955" classname="shiny" name="The_Shiny_App_returns_a_proper_greeting"/>
  </testsuite>
</testsuites>
