<?xml version="1.0" encoding="UTF-8"?>
<testsuites>
  <testsuite name="api" timestamp="2023-09-07T12:02:55Z" hostname="f60ab58f72ca" tests="1" skipped="0" failures="0" errors="0" time="4.177">
    <testcase time="4.177" classname="api" name="API_greets_the_person"/>
  </testsuite>
  <testsuite name="hello" timestamp="2023-09-07T12:02:59Z" hostname="f60ab58f72ca" tests="1" skipped="0" failures="0" errors="0" time="0.121">
    <testcase time="0.121" classname="hello" name="hello_greets_the_entity"/>
  </testsuite>
  <testsuite name="shiny" timestamp="2023-09-07T12:02:59Z" hostname="f60ab58f72ca" tests="1" skipped="0" failures="0" errors="0" time="3.604">
    <testcase time="3.604" classname="shiny" name="The_Shiny_App_returns_a_proper_greeting"/>
  </testsuite>
</testsuites>
