<?xml version="1.0" encoding="UTF-8"?>
<testsuites>
  <testsuite name="api" timestamp="2023-09-07T12:08:57Z" hostname="991af686bff2" tests="1" skipped="0" failures="0" errors="0" time="4.102">
    <testcase time="4.102" classname="api" name="API_greets_the_person"/>
  </testsuite>
  <testsuite name="hello" timestamp="2023-09-07T12:09:01Z" hostname="991af686bff2" tests="1" skipped="0" failures="0" errors="0" time="0.111">
    <testcase time="0.111" classname="hello" name="hello_greets_the_entity"/>
  </testsuite>
  <testsuite name="shiny" timestamp="2023-09-07T12:09:01Z" hostname="991af686bff2" tests="1" skipped="0" failures="0" errors="0" time="3.366">
    <testcase time="3.366" classname="shiny" name="The_Shiny_App_returns_a_proper_greeting"/>
  </testsuite>
</testsuites>
