<?xml version="1.0" encoding="UTF-8"?>
<testsuites>
  <testsuite name="api" timestamp="2024-10-01T11:27:08Z" hostname="11d7f002530d" tests="1" skipped="0" failures="0" errors="0" time="4.032">
    <testcase time="4.032" classname="api" name="API_greets_the_person"/>
  </testsuite>
  <testsuite name="hello" timestamp="2024-10-01T11:27:12Z" hostname="11d7f002530d" tests="1" skipped="0" failures="0" errors="0" time="0.077">
    <testcase time="0.077" classname="hello" name="hello_greets_the_entity"/>
  </testsuite>
  <testsuite name="shiny" timestamp="2024-10-01T11:27:12Z" hostname="11d7f002530d" tests="1" skipped="0" failures="0" errors="0" time="2.443">
    <testcase time="2.443" classname="shiny" name="The_Shiny_App_returns_a_proper_greeting"/>
  </testsuite>
</testsuites>
