<?xml version="1.0" encoding="UTF-8"?>
<testsuites>
  <testsuite name="api" timestamp="2023-10-13T15:05:59Z" hostname="bc990a3ac2d9" tests="1" skipped="0" failures="0" errors="0" time="4.301">
    <testcase time="4.301" classname="api" name="API_greets_the_person"/>
  </testsuite>
  <testsuite name="hello" timestamp="2023-10-13T15:06:03Z" hostname="bc990a3ac2d9" tests="1" skipped="0" failures="0" errors="0" time="0.124">
    <testcase time="0.124" classname="hello" name="hello_greets_the_entity"/>
  </testsuite>
  <testsuite name="shiny" timestamp="2023-10-13T15:06:03Z" hostname="bc990a3ac2d9" tests="1" skipped="0" failures="0" errors="0" time="3.508">
    <testcase time="3.508" classname="shiny" name="The_Shiny_App_returns_a_proper_greeting"/>
  </testsuite>
</testsuites>
