<?xml version="1.0" encoding="UTF-8"?>
<testsuites>
  <testsuite name="api" timestamp="2023-06-23T08:26:37Z" hostname="30dab8714580" tests="1" skipped="0" failures="0" errors="0" time="4.116">
    <testcase time="4.116" classname="api" name="API_greets_the_person"/>
  </testsuite>
  <testsuite name="hello" timestamp="2023-06-23T08:26:41Z" hostname="30dab8714580" tests="1" skipped="0" failures="0" errors="0" time="0.109">
    <testcase time="0.109" classname="hello" name="hello_greets_the_entity"/>
  </testsuite>
  <testsuite name="shiny" timestamp="2023-06-23T08:26:41Z" hostname="30dab8714580" tests="1" skipped="0" failures="0" errors="0" time="3.084">
    <testcase time="3.084" classname="shiny" name="The_Shiny_App_returns_a_proper_greeting"/>
  </testsuite>
</testsuites>
