<?xml version="1.0" encoding="UTF-8"?>
<testsuites>
  <testsuite name="api" timestamp="2023-07-11T14:39:00Z" hostname="d5177327c0aa" tests="1" skipped="0" failures="0" errors="0" time="4.081">
    <testcase time="4.081" classname="api" name="API_greets_the_person"/>
  </testsuite>
  <testsuite name="hello" timestamp="2023-07-11T14:39:04Z" hostname="d5177327c0aa" tests="1" skipped="0" failures="0" errors="0" time="0.11">
    <testcase time="0.109999999999999" classname="hello" name="hello_greets_the_entity"/>
  </testsuite>
  <testsuite name="shiny" timestamp="2023-07-11T14:39:05Z" hostname="d5177327c0aa" tests="1" skipped="0" failures="0" errors="0" time="3.19">
    <testcase time="3.19" classname="shiny" name="The_Shiny_App_returns_a_proper_greeting"/>
  </testsuite>
</testsuites>
