<?xml version="1.0" encoding="UTF-8"?>
<testsuites>
  <testsuite name="api" timestamp="2025-01-31T10:14:05Z" hostname="0dc0b1bfaf48" tests="1" skipped="0" failures="0" errors="0" time="4.067">
    <testcase time="4.067" classname="api" name="API_greets_the_person"/>
  </testsuite>
  <testsuite name="hello" timestamp="2025-01-31T10:14:09Z" hostname="0dc0b1bfaf48" tests="1" skipped="0" failures="0" errors="0" time="0.084">
    <testcase time="0.0839999999999996" classname="hello" name="hello_greets_the_entity"/>
  </testsuite>
  <testsuite name="shiny" timestamp="2025-01-31T10:14:09Z" hostname="0dc0b1bfaf48" tests="1" skipped="0" failures="0" errors="0" time="2.54">
    <testcase time="2.54" classname="shiny" name="The_Shiny_App_returns_a_proper_greeting"/>
  </testsuite>
</testsuites>
